Построение начато 7/26/2014 5:26:39 PM.
     1>Проект "C:\Users\ATOM\Desktop\folder(4)\MentorII.last\mentor\MentorII.last2\MentorII\MentorII.vcxproj" в узле 2 (целевые объекты Build).
     1>CustomBuild:
         Uic'ing gui\dlgvariants.ui...
       ClCompile:
         C:\Program Files (x86)\Microsoft Visual Studio 11.0\VC\bin\CL.exe /c /IC:\Qt\Qt5.3.1\5.3\msvc2012_opengl\include /IC:\Qt\Qt5.3.1\5.3\msvc2012_opengl\include\QtWebKit /IC:\Qt\Qt5.3.1\5.3\msvc2012_opengl\include\QtNetwork /IC:\Qt\Qt5.3.1\5.3\msvc2012_opengl\include\QtXml /IC:\Qt\Qt5.3.1\5.3\msvc2012_opengl\include\QtGui /IC:\Qt\Qt5.3.1\5.3\msvc2012_opengl\include\QtCore /Idebug /I"C:\Qt\Qt5.3.1\5.3\msvc2012_opengl\mkspecs\win32-msvc2012" /I.\GeneratedFiles /IC:\Qt\Qt5.3.1\5.3\msvc2012_opengl\include\QtPrintSupport /IC:\Qt\Qt5.3.1\5.3\msvc2012_opengl\include\QtDeclarative /IC:\Qt\Qt5.3.1\5.3\msvc2012_opengl\include\QtWebkitWidgets /IC:\Qt\Qt5.3.1\5.3\msvc2012_opengl\include\QtWidgets /Zi /nologo /W3 /WX- /Od /Oy- /D _WINDOWS /D UNICODE /D WIN32 /D QT_WEBKIT_LIB /D QT_NETWORK_LIB /D QT_XML_LIB /D QT_GUI_LIB /D QT_CORE_LIB /D QT_PRINTSUPPORT_LIB /D QT_DECLARATIVE_LIB /D QT_WEBKITWIDGETS_LIB /D QT_WIDGETS_LIB /Gm- /EHsc /MDd /GS /fp:precise /Zc:wchar_t /Zc:forScope /GR /Fo"Win32\Debug\\" /Fd"Win32\Debug\vc110.pdb" /Gd /TP /analyze- /errorReport:prompt -Zm200 -w34100 -w34189 gui\dlgvariants.cpp
         dlgvariants.cpp
     1>c:\users\atom\desktop\folder(4)\mentorii.last\mentor\mentorii.last2\mentorii\gui\../quiz/render/web/webrenderer.h(7): warning C4100: totalQuestions: неиспользованный формальный параметр
     1>c:\users\atom\desktop\folder(4)\mentorii.last\mentor\mentorii.last2\mentorii\gui\../quiz/render/web/webrenderer.h(7): warning C4100: processed: неиспользованный формальный параметр
     1>c:\users\atom\desktop\folder(4)\mentorii.last\mentor\mentorii.last2\mentorii\gui\../quiz/render/web/webrenderer.h(8): warning C4100: totalQuestions: неиспользованный формальный параметр
       Link:
         C:\Program Files (x86)\Microsoft Visual Studio 11.0\VC\bin\link.exe /ERRORREPORT:PROMPT /OUT:"debug\\MentorII.exe" /NOLOGO /LIBPATH:C:\Qt\Qt5.3.1\5.3\msvc2012_opengl\lib /LIBPATH:C:\Qt\Qt5.3.1\5.3\msvc2012_opengl\lib /LIBPATH:C:\Qt\Qt5.3.1\5.3\msvc2012_opengl\lib glu32.lib opengl32.lib gdi32.lib user32.lib C:\Qt\Qt5.3.1\5.3\msvc2012_opengl\lib\qtmaind.lib C:\Qt\Qt5.3.1\5.3\msvc2012_opengl\lib\Qt5Cored.lib C:\Qt\Qt5.3.1\5.3\msvc2012_opengl\lib\Qt5WebKitd.lib C:\Qt\Qt5.3.1\5.3\msvc2012_opengl\lib\Qt5Networkd.lib C:\Qt\Qt5.3.1\5.3\msvc2012_opengl\lib\Qt5Xmld.lib C:\Qt\Qt5.3.1\5.3\msvc2012_opengl\lib\Qt5Guid.lib C:\Qt\Qt5.3.1\5.3\msvc2012_opengl\lib\Qt5Cored.lib Qt5PrintSupportd.lib Qt5Declaratived.lib Qt5WebkitWidgetsd.lib Qt5Widgetsd.lib kernel32.lib user32.lib gdi32.lib winspool.lib comdlg32.lib advapi32.lib shell32.lib ole32.lib oleaut32.lib uuid.lib odbc32.lib odbccp32.lib /MANIFEST /MANIFESTUAC:"level='asInvoker' uiAccess='false'" /manifest:embed /DEBUG /PDB:"debug\MentorII.pdb" /SUBSYSTEM:WINDOWS /TLBID:1 /DYNAMICBASE /NXCOMPAT /MACHINE:X86 /SAFESEH "/MANIFESTDEPENDENCY:type='win32' name='Microsoft.Windows.Common-Controls' version='6.0.0.0' publicKeyToken='6595b64144ccf1df' language='*' processorArchitecture='*'" Win32\Debug\moc_dlgabout.obj
         Win32\Debug\moc_dlgaddquestions.obj
         Win32\Debug\moc_dlgnewgroup.obj
         Win32\Debug\moc_dlgtestgenprogress.obj
         Win32\Debug\moc_dlgvariant.obj
         Win32\Debug\moc_dlgvariants.obj
         Win32\Debug\moc_mainwindow.obj
         Win32\Debug\moc_quizcell.obj
         Win32\Debug\moc_quizgroup_dlgproperties.obj
         Win32\Debug\moc_quizgroup_quizcell.obj
         Win32\Debug\moc_quizgroup_quiznodeview.obj
         Win32\Debug\moc_quiznode.obj
         Win32\Debug\moc_quiznodeview.obj
         Win32\Debug\moc_quizquestion_quizcell.obj
         Win32\Debug\moc_quizview.obj
         Win32\Debug\moc_quiz_dlgproperties.obj
         Win32\Debug\moc_taskcell.obj
         Win32\Debug\moc_taskgroup_taskcell.obj
         Win32\Debug\moc_taskgroup_taskview.obj
         Win32\Debug\moc_taskmtrtable_taskcell.obj
         Win32\Debug\moc_taskmtrtable_taskview.obj
         Win32\Debug\moc_taskquestion_taskcell.obj
         Win32\Debug\moc_taskquestion_taskview.obj
         Win32\Debug\moc_taskview.obj
         Win32\Debug\qrc_r.obj
         Win32\Debug\convert_to_tex.obj
         Win32\Debug\chain.obj
         Win32\Debug\derivs_generatedquestion.obj
         Win32\Debug\derivs_generatorhelper.obj
         Win32\Debug\derivs_scriptrendererhelper.obj
         Win32\Debug\dlgabout.obj
         Win32\Debug\dlgaddquestions.obj
         Win32\Debug\dlgnewgroup.obj
         Win32\Debug\dlgtestgenprogress.obj
         Win32\Debug\dlgvariant.obj
         Win32\Debug\dlgvariants.obj
         Win32\Debug\generatedquestion.obj
         Win32\Debug\generator.obj
         Win32\Debug\generatorhelper.obj
         Win32\Debug\imagerenderer.obj
         Win32\Debug\integrals_generatedquestion.obj
         Win32\Debug\integrals_generatorhelper.obj
         Win32\Debug\integrals_scriptrendererhelper.obj
         Win32\Debug\legacy_helpers.obj
         Win32\Debug\limits_generatedquestion.obj
         Win32\Debug\limits_generatorhelper.obj
         Win32\Debug\limits_scriptrendererhelper.obj
         Win32\Debug\m_deriv.obj
         Win32\Debug\m_deriv_01.obj
         Win32\Debug\m_deriv_02.obj
         Win32\Debug\m_expressions.obj
         Win32\Debug\m_integ.obj
         Win32\Debug\m_integ0xxb.obj
         Win32\Debug\m_integ2.obj
         Win32\Debug\m_integ_a01.obj
         Win32\Debug\m_integ_a02.obj
         Win32\Debug\m_integ_a03.obj
         Win32\Debug\m_limits.obj
         Win32\Debug\main.obj
         Win32\Debug\mainwindow.obj
         Win32\Debug\printscriptrenderer.obj
         Win32\Debug\quiz.obj
         Win32\Debug\quiz_dlgproperties.obj
         Win32\Debug\quizadapter.obj
         Win32\Debug\quizcell.obj
         Win32\Debug\quizfile.obj
         Win32\Debug\quizfilter.obj
         Win32\Debug\quizgroup.obj
         Win32\Debug\quizgroup_dlgproperties.obj
         Win32\Debug\quizgroup_quizcell.obj
         Win32\Debug\quizgroup_quiznodeview.obj
         Win32\Debug\quizgroup_quizviewerhelper.obj
         Win32\Debug\quizgroup_xmlquizfile_structure_helper.obj
         Win32\Debug\quizgroupfilter.obj
         Win32\Debug\quiznode.obj
         Win32\Debug\quiznodeview.obj
         Win32\Debug\quizquestion.obj
         Win32\Debug\quizquestion_quizcell.obj
         Win32\Debug\quizquestion_xmlquizfile_structure_helper.obj
         Win32\Debug\quizvariant.obj
         Win32\Debug\quizview.obj
         Win32\Debug\quizviewer.obj
         Win32\Debug\quizviewerhelper.obj
         Win32\Debug\random_quizgroupfilter.obj
         Win32\Debug\scriptrenderer.obj
         Win32\Debug\scriptrendererhelper.obj
         Win32\Debug\shuffle_quizgroupfilter.obj
         Win32\Debug\task2quiz.obj
         Win32\Debug\taskcell.obj
         Win32\Debug\taskgroup.obj
         Win32\Debug\taskgroup_taskcell.obj
         Win32\Debug\taskgroup_taskloaderhelper.obj
         Win32\Debug\taskgroup_taskview.obj
         Win32\Debug\taskgroup_taskviewerhelper.obj
         Win32\Debug\taskgrouptoquiz.obj
         Win32\Debug\taskloader.obj
         Win32\Debug\taskloaderhelper.obj
         Win32\Debug\taskmtrtable.obj
         Win32\Debug\taskmtrtable_taskcell.obj
         Win32\Debug\taskmtrtable_taskloaderhelper.obj
         Win32\Debug\taskmtrtable_taskview.obj
         Win32\Debug\taskmtrtable_taskviewerhelper.obj
         Win32\Debug\taskmtrtabletoquiz.obj
         Win32\Debug\tasknode.obj
         Win32\Debug\taskquestion.obj
         Win32\Debug\taskquestion_taskcell.obj
         Win32\Debug\taskquestion_taskloaderhelper.obj
         Win32\Debug\taskquestion_taskview.obj
         Win32\Debug\taskquestion_taskviewerhelper.obj
         Win32\Debug\taskquestiontoquiz.obj
         Win32\Debug\tasktoquizhelper.obj
         Win32\Debug\tasktree.obj
         Win32\Debug\taskview.obj
         Win32\Debug\taskviewer.obj
         Win32\Debug\taskviewerhelper.obj
         Win32\Debug\txttobmp.obj
         Win32\Debug\utils.obj
         Win32\Debug\webrenderer.obj
         Win32\Debug\xmlquizfile.obj
         Win32\Debug\xmlquizfile_quizgroupfilter.obj
         Win32\Debug\xmlquizfile_structure.obj
         Win32\Debug\xmlquizfile_variants.obj
         MentorII.vcxproj -> C:\Users\ATOM\Desktop\folder(4)\MentorII.last\mentor\MentorII.last2\MentorII\debug\MentorII.exe
     1>Построение проекта "C:\Users\ATOM\Desktop\folder(4)\MentorII.last\mentor\MentorII.last2\MentorII\MentorII.vcxproj" завершено (целевые объекты Build).

Построение успешно завершено.

Затраченное время: 00:00:03.90
