C:\USERS\ATOM\DESKTOP\FOLDER(4)\MENTORII.LAST\MENTOR\MENTORII.LAST2\MENTORII\WIN32\DEBUG\MOC_TASKMTRTABLE_TASKCELL.OBJ
C:\USERS\ATOM\DESKTOP\FOLDER(4)\MENTORII.LAST\MENTOR\MENTORII.LAST2\MENTORII\WIN32\DEBUG\MOC_TASKGROUP_TASKVIEW.OBJ
C:\USERS\ATOM\DESKTOP\FOLDER(4)\MENTORII.LAST\MENTOR\MENTORII.LAST2\MENTORII\WIN32\DEBUG\MOC_TASKGROUP_TASKCELL.OBJ
C:\USERS\ATOM\DESKTOP\FOLDER(4)\MENTORII.LAST\MENTOR\MENTORII.LAST2\MENTORII\WIN32\DEBUG\MOC_TASKCELL.OBJ
C:\USERS\ATOM\DESKTOP\FOLDER(4)\MENTORII.LAST\MENTOR\MENTORII.LAST2\MENTORII\WIN32\DEBUG\MOC_QUIZ_DLGPROPERTIES.OBJ
C:\USERS\ATOM\DESKTOP\FOLDER(4)\MENTORII.LAST\MENTOR\MENTORII.LAST2\MENTORII\WIN32\DEBUG\MOC_QUIZVIEW.OBJ
C:\USERS\ATOM\DESKTOP\FOLDER(4)\MENTORII.LAST\MENTOR\MENTORII.LAST2\MENTORII\WIN32\DEBUG\MOC_QUIZQUESTION_QUIZCELL.OBJ
C:\USERS\ATOM\DESKTOP\FOLDER(4)\MENTORII.LAST\MENTOR\MENTORII.LAST2\MENTORII\WIN32\DEBUG\MOC_QUIZNODEVIEW.OBJ
C:\USERS\ATOM\DESKTOP\FOLDER(4)\MENTORII.LAST\MENTOR\MENTORII.LAST2\MENTORII\WIN32\DEBUG\MOC_QUIZNODE.OBJ
C:\USERS\ATOM\DESKTOP\FOLDER(4)\MENTORII.LAST\MENTOR\MENTORII.LAST2\MENTORII\WIN32\DEBUG\MOC_QUIZGROUP_QUIZNODEVIEW.OBJ
C:\USERS\ATOM\DESKTOP\FOLDER(4)\MENTORII.LAST\MENTOR\MENTORII.LAST2\MENTORII\WIN32\DEBUG\MOC_QUIZGROUP_QUIZCELL.OBJ
C:\USERS\ATOM\DESKTOP\FOLDER(4)\MENTORII.LAST\MENTOR\MENTORII.LAST2\MENTORII\WIN32\DEBUG\MOC_QUIZGROUP_DLGPROPERTIES.OBJ
C:\USERS\ATOM\DESKTOP\FOLDER(4)\MENTORII.LAST\MENTOR\MENTORII.LAST2\MENTORII\WIN32\DEBUG\MOC_QUIZCELL.OBJ
C:\USERS\ATOM\DESKTOP\FOLDER(4)\MENTORII.LAST\MENTOR\MENTORII.LAST2\MENTORII\WIN32\DEBUG\MOC_MAINWINDOW.OBJ
C:\USERS\ATOM\DESKTOP\FOLDER(4)\MENTORII.LAST\MENTOR\MENTORII.LAST2\MENTORII\WIN32\DEBUG\MOC_DLGVARIANTS.OBJ
C:\USERS\ATOM\DESKTOP\FOLDER(4)\MENTORII.LAST\MENTOR\MENTORII.LAST2\MENTORII\WIN32\DEBUG\MOC_DLGVARIANT.OBJ
C:\USERS\ATOM\DESKTOP\FOLDER(4)\MENTORII.LAST\MENTOR\MENTORII.LAST2\MENTORII\WIN32\DEBUG\MOC_DLGTESTGENPROGRESS.OBJ
C:\USERS\ATOM\DESKTOP\FOLDER(4)\MENTORII.LAST\MENTOR\MENTORII.LAST2\MENTORII\WIN32\DEBUG\MOC_DLGNEWGROUP.OBJ
C:\USERS\ATOM\DESKTOP\FOLDER(4)\MENTORII.LAST\MENTOR\MENTORII.LAST2\MENTORII\WIN32\DEBUG\MOC_DLGADDQUESTIONS.OBJ
C:\USERS\ATOM\DESKTOP\FOLDER(4)\MENTORII.LAST\MENTOR\MENTORII.LAST2\MENTORII\WIN32\DEBUG\MOC_DLGABOUT.OBJ
C:\USERS\ATOM\DESKTOP\FOLDER(4)\MENTORII.LAST\MENTOR\MENTORII.LAST2\MENTORII\WIN32\DEBUG\INTEGRALS_GENERATORHELPER.OBJ
C:\USERS\ATOM\DESKTOP\FOLDER(4)\MENTORII.LAST\MENTOR\MENTORII.LAST2\MENTORII\WIN32\DEBUG\INTEGRALS_GENERATEDQUESTION.OBJ
C:\USERS\ATOM\DESKTOP\FOLDER(4)\MENTORII.LAST\MENTOR\MENTORII.LAST2\MENTORII\WIN32\DEBUG\IMAGERENDERER.OBJ
C:\USERS\ATOM\DESKTOP\FOLDER(4)\MENTORII.LAST\MENTOR\MENTORII.LAST2\MENTORII\WIN32\DEBUG\GENERATORHELPER.OBJ
C:\USERS\ATOM\DESKTOP\FOLDER(4)\MENTORII.LAST\MENTOR\MENTORII.LAST2\MENTORII\WIN32\DEBUG\GENERATOR.OBJ
C:\USERS\ATOM\DESKTOP\FOLDER(4)\MENTORII.LAST\MENTOR\MENTORII.LAST2\MENTORII\WIN32\DEBUG\GENERATEDQUESTION.OBJ
C:\USERS\ATOM\DESKTOP\FOLDER(4)\MENTORII.LAST\MENTOR\MENTORII.LAST2\MENTORII\WIN32\DEBUG\DLGVARIANTS.OBJ
C:\USERS\ATOM\DESKTOP\FOLDER(4)\MENTORII.LAST\MENTOR\MENTORII.LAST2\MENTORII\WIN32\DEBUG\DLGVARIANT.OBJ
C:\USERS\ATOM\DESKTOP\FOLDER(4)\MENTORII.LAST\MENTOR\MENTORII.LAST2\MENTORII\WIN32\DEBUG\DLGTESTGENPROGRESS.OBJ
C:\USERS\ATOM\DESKTOP\FOLDER(4)\MENTORII.LAST\MENTOR\MENTORII.LAST2\MENTORII\WIN32\DEBUG\DLGNEWGROUP.OBJ
C:\USERS\ATOM\DESKTOP\FOLDER(4)\MENTORII.LAST\MENTOR\MENTORII.LAST2\MENTORII\WIN32\DEBUG\DLGADDQUESTIONS.OBJ
C:\USERS\ATOM\DESKTOP\FOLDER(4)\MENTORII.LAST\MENTOR\MENTORII.LAST2\MENTORII\WIN32\DEBUG\DLGABOUT.OBJ
C:\USERS\ATOM\DESKTOP\FOLDER(4)\MENTORII.LAST\MENTOR\MENTORII.LAST2\MENTORII\WIN32\DEBUG\DERIVS_SCRIPTRENDERERHELPER.OBJ
C:\USERS\ATOM\DESKTOP\FOLDER(4)\MENTORII.LAST\MENTOR\MENTORII.LAST2\MENTORII\WIN32\DEBUG\DERIVS_GENERATORHELPER.OBJ
C:\USERS\ATOM\DESKTOP\FOLDER(4)\MENTORII.LAST\MENTOR\MENTORII.LAST2\MENTORII\WIN32\DEBUG\DERIVS_GENERATEDQUESTION.OBJ
C:\USERS\ATOM\DESKTOP\FOLDER(4)\MENTORII.LAST\MENTOR\MENTORII.LAST2\MENTORII\WIN32\DEBUG\CHAIN.OBJ
C:\USERS\ATOM\DESKTOP\FOLDER(4)\MENTORII.LAST\MENTOR\MENTORII.LAST2\MENTORII\WIN32\DEBUG\MOC_TASKVIEW.OBJ
C:\USERS\ATOM\DESKTOP\FOLDER(4)\MENTORII.LAST\MENTOR\MENTORII.LAST2\MENTORII\WIN32\DEBUG\MOC_TASKQUESTION_TASKVIEW.OBJ
C:\USERS\ATOM\DESKTOP\FOLDER(4)\MENTORII.LAST\MENTOR\MENTORII.LAST2\MENTORII\WIN32\DEBUG\MOC_TASKQUESTION_TASKCELL.OBJ
C:\USERS\ATOM\DESKTOP\FOLDER(4)\MENTORII.LAST\MENTOR\MENTORII.LAST2\MENTORII\WIN32\DEBUG\MOC_TASKMTRTABLE_TASKVIEW.OBJ
C:\USERS\ATOM\DESKTOP\FOLDER(4)\MENTORII.LAST\MENTOR\MENTORII.LAST2\MENTORII\WIN32\DEBUG\QUIZ.OBJ
C:\USERS\ATOM\DESKTOP\FOLDER(4)\MENTORII.LAST\MENTOR\MENTORII.LAST2\MENTORII\WIN32\DEBUG\PRINTSCRIPTRENDERER.OBJ
C:\USERS\ATOM\DESKTOP\FOLDER(4)\MENTORII.LAST\MENTOR\MENTORII.LAST2\MENTORII\WIN32\DEBUG\MAINWINDOW.OBJ
C:\USERS\ATOM\DESKTOP\FOLDER(4)\MENTORII.LAST\MENTOR\MENTORII.LAST2\MENTORII\WIN32\DEBUG\MAIN.OBJ
C:\USERS\ATOM\DESKTOP\FOLDER(4)\MENTORII.LAST\MENTOR\MENTORII.LAST2\MENTORII\WIN32\DEBUG\M_LIMITS.OBJ
C:\USERS\ATOM\DESKTOP\FOLDER(4)\MENTORII.LAST\MENTOR\MENTORII.LAST2\MENTORII\WIN32\DEBUG\M_INTEG_A03.OBJ
C:\USERS\ATOM\DESKTOP\FOLDER(4)\MENTORII.LAST\MENTOR\MENTORII.LAST2\MENTORII\WIN32\DEBUG\M_INTEG_A02.OBJ
C:\USERS\ATOM\DESKTOP\FOLDER(4)\MENTORII.LAST\MENTOR\MENTORII.LAST2\MENTORII\WIN32\DEBUG\M_INTEG_A01.OBJ
C:\USERS\ATOM\DESKTOP\FOLDER(4)\MENTORII.LAST\MENTOR\MENTORII.LAST2\MENTORII\WIN32\DEBUG\M_INTEG2.OBJ
C:\USERS\ATOM\DESKTOP\FOLDER(4)\MENTORII.LAST\MENTOR\MENTORII.LAST2\MENTORII\WIN32\DEBUG\M_INTEG0XXB.OBJ
C:\USERS\ATOM\DESKTOP\FOLDER(4)\MENTORII.LAST\MENTOR\MENTORII.LAST2\MENTORII\WIN32\DEBUG\M_INTEG.OBJ
C:\USERS\ATOM\DESKTOP\FOLDER(4)\MENTORII.LAST\MENTOR\MENTORII.LAST2\MENTORII\WIN32\DEBUG\M_EXPRESSIONS.OBJ
C:\USERS\ATOM\DESKTOP\FOLDER(4)\MENTORII.LAST\MENTOR\MENTORII.LAST2\MENTORII\WIN32\DEBUG\M_DERIV_02.OBJ
C:\USERS\ATOM\DESKTOP\FOLDER(4)\MENTORII.LAST\MENTOR\MENTORII.LAST2\MENTORII\WIN32\DEBUG\M_DERIV_01.OBJ
C:\USERS\ATOM\DESKTOP\FOLDER(4)\MENTORII.LAST\MENTOR\MENTORII.LAST2\MENTORII\WIN32\DEBUG\M_DERIV.OBJ
C:\USERS\ATOM\DESKTOP\FOLDER(4)\MENTORII.LAST\MENTOR\MENTORII.LAST2\MENTORII\WIN32\DEBUG\LIMITS_SCRIPTRENDERERHELPER.OBJ
C:\USERS\ATOM\DESKTOP\FOLDER(4)\MENTORII.LAST\MENTOR\MENTORII.LAST2\MENTORII\WIN32\DEBUG\LIMITS_GENERATORHELPER.OBJ
C:\USERS\ATOM\DESKTOP\FOLDER(4)\MENTORII.LAST\MENTOR\MENTORII.LAST2\MENTORII\WIN32\DEBUG\LIMITS_GENERATEDQUESTION.OBJ
C:\USERS\ATOM\DESKTOP\FOLDER(4)\MENTORII.LAST\MENTOR\MENTORII.LAST2\MENTORII\WIN32\DEBUG\LEGACY_HELPERS.OBJ
C:\USERS\ATOM\DESKTOP\FOLDER(4)\MENTORII.LAST\MENTOR\MENTORII.LAST2\MENTORII\WIN32\DEBUG\INTEGRALS_SCRIPTRENDERERHELPER.OBJ
C:\USERS\ATOM\DESKTOP\FOLDER(4)\MENTORII.LAST\MENTOR\MENTORII.LAST2\MENTORII\WIN32\DEBUG\QUIZVIEWER.OBJ
C:\USERS\ATOM\DESKTOP\FOLDER(4)\MENTORII.LAST\MENTOR\MENTORII.LAST2\MENTORII\WIN32\DEBUG\QUIZVIEW.OBJ
C:\USERS\ATOM\DESKTOP\FOLDER(4)\MENTORII.LAST\MENTOR\MENTORII.LAST2\MENTORII\WIN32\DEBUG\QUIZVARIANT.OBJ
C:\USERS\ATOM\DESKTOP\FOLDER(4)\MENTORII.LAST\MENTOR\MENTORII.LAST2\MENTORII\WIN32\DEBUG\QUIZQUESTION_XMLQUIZFILE_STRUCTURE_HELPER.OBJ
C:\USERS\ATOM\DESKTOP\FOLDER(4)\MENTORII.LAST\MENTOR\MENTORII.LAST2\MENTORII\WIN32\DEBUG\QUIZQUESTION_QUIZCELL.OBJ
C:\USERS\ATOM\DESKTOP\FOLDER(4)\MENTORII.LAST\MENTOR\MENTORII.LAST2\MENTORII\WIN32\DEBUG\QUIZNODEVIEW.OBJ
C:\USERS\ATOM\DESKTOP\FOLDER(4)\MENTORII.LAST\MENTOR\MENTORII.LAST2\MENTORII\WIN32\DEBUG\QUIZNODE.OBJ
C:\USERS\ATOM\DESKTOP\FOLDER(4)\MENTORII.LAST\MENTOR\MENTORII.LAST2\MENTORII\WIN32\DEBUG\QUIZGROUPFILTER.OBJ
C:\USERS\ATOM\DESKTOP\FOLDER(4)\MENTORII.LAST\MENTOR\MENTORII.LAST2\MENTORII\WIN32\DEBUG\QUIZGROUP_XMLQUIZFILE_STRUCTURE_HELPER.OBJ
C:\USERS\ATOM\DESKTOP\FOLDER(4)\MENTORII.LAST\MENTOR\MENTORII.LAST2\MENTORII\WIN32\DEBUG\QUIZGROUP_QUIZVIEWERHELPER.OBJ
C:\USERS\ATOM\DESKTOP\FOLDER(4)\MENTORII.LAST\MENTOR\MENTORII.LAST2\MENTORII\WIN32\DEBUG\QUIZGROUP_QUIZNODEVIEW.OBJ
C:\USERS\ATOM\DESKTOP\FOLDER(4)\MENTORII.LAST\MENTOR\MENTORII.LAST2\MENTORII\WIN32\DEBUG\QUIZGROUP_QUIZCELL.OBJ
C:\USERS\ATOM\DESKTOP\FOLDER(4)\MENTORII.LAST\MENTOR\MENTORII.LAST2\MENTORII\WIN32\DEBUG\QUIZGROUP_DLGPROPERTIES.OBJ
C:\USERS\ATOM\DESKTOP\FOLDER(4)\MENTORII.LAST\MENTOR\MENTORII.LAST2\MENTORII\WIN32\DEBUG\QUIZGROUP.OBJ
C:\USERS\ATOM\DESKTOP\FOLDER(4)\MENTORII.LAST\MENTOR\MENTORII.LAST2\MENTORII\WIN32\DEBUG\QUIZFILTER.OBJ
C:\USERS\ATOM\DESKTOP\FOLDER(4)\MENTORII.LAST\MENTOR\MENTORII.LAST2\MENTORII\WIN32\DEBUG\QUIZFILE.OBJ
C:\USERS\ATOM\DESKTOP\FOLDER(4)\MENTORII.LAST\MENTOR\MENTORII.LAST2\MENTORII\WIN32\DEBUG\QUIZADAPTER.OBJ
C:\USERS\ATOM\DESKTOP\FOLDER(4)\MENTORII.LAST\MENTOR\MENTORII.LAST2\MENTORII\WIN32\DEBUG\QUIZ_DLGPROPERTIES.OBJ
C:\USERS\ATOM\DESKTOP\FOLDER(4)\MENTORII.LAST\MENTOR\MENTORII.LAST2\MENTORII\WIN32\DEBUG\TASKMTRTABLE_TASKVIEWERHELPER.OBJ
C:\USERS\ATOM\DESKTOP\FOLDER(4)\MENTORII.LAST\MENTOR\MENTORII.LAST2\MENTORII\WIN32\DEBUG\TASKMTRTABLE_TASKVIEW.OBJ
C:\USERS\ATOM\DESKTOP\FOLDER(4)\MENTORII.LAST\MENTOR\MENTORII.LAST2\MENTORII\WIN32\DEBUG\TASKMTRTABLE_TASKLOADERHELPER.OBJ
C:\USERS\ATOM\DESKTOP\FOLDER(4)\MENTORII.LAST\MENTOR\MENTORII.LAST2\MENTORII\WIN32\DEBUG\TASKMTRTABLE_TASKCELL.OBJ
C:\USERS\ATOM\DESKTOP\FOLDER(4)\MENTORII.LAST\MENTOR\MENTORII.LAST2\MENTORII\WIN32\DEBUG\TASKMTRTABLE.OBJ
C:\USERS\ATOM\DESKTOP\FOLDER(4)\MENTORII.LAST\MENTOR\MENTORII.LAST2\MENTORII\WIN32\DEBUG\TASKLOADERHELPER.OBJ
C:\USERS\ATOM\DESKTOP\FOLDER(4)\MENTORII.LAST\MENTOR\MENTORII.LAST2\MENTORII\WIN32\DEBUG\TASKLOADER.OBJ
C:\USERS\ATOM\DESKTOP\FOLDER(4)\MENTORII.LAST\MENTOR\MENTORII.LAST2\MENTORII\WIN32\DEBUG\TASKGROUPTOQUIZ.OBJ
C:\USERS\ATOM\DESKTOP\FOLDER(4)\MENTORII.LAST\MENTOR\MENTORII.LAST2\MENTORII\WIN32\DEBUG\TASKGROUP_TASKVIEWERHELPER.OBJ
C:\USERS\ATOM\DESKTOP\FOLDER(4)\MENTORII.LAST\MENTOR\MENTORII.LAST2\MENTORII\WIN32\DEBUG\TASKGROUP_TASKVIEW.OBJ
C:\USERS\ATOM\DESKTOP\FOLDER(4)\MENTORII.LAST\MENTOR\MENTORII.LAST2\MENTORII\WIN32\DEBUG\TASKGROUP_TASKLOADERHELPER.OBJ
C:\USERS\ATOM\DESKTOP\FOLDER(4)\MENTORII.LAST\MENTOR\MENTORII.LAST2\MENTORII\WIN32\DEBUG\TASKGROUP_TASKCELL.OBJ
C:\USERS\ATOM\DESKTOP\FOLDER(4)\MENTORII.LAST\MENTOR\MENTORII.LAST2\MENTORII\WIN32\DEBUG\TASKGROUP.OBJ
C:\USERS\ATOM\DESKTOP\FOLDER(4)\MENTORII.LAST\MENTOR\MENTORII.LAST2\MENTORII\WIN32\DEBUG\TASKCELL.OBJ
C:\USERS\ATOM\DESKTOP\FOLDER(4)\MENTORII.LAST\MENTOR\MENTORII.LAST2\MENTORII\WIN32\DEBUG\TASK2QUIZ.OBJ
C:\USERS\ATOM\DESKTOP\FOLDER(4)\MENTORII.LAST\MENTOR\MENTORII.LAST2\MENTORII\WIN32\DEBUG\SHUFFLE_QUIZGROUPFILTER.OBJ
C:\USERS\ATOM\DESKTOP\FOLDER(4)\MENTORII.LAST\MENTOR\MENTORII.LAST2\MENTORII\WIN32\DEBUG\SCRIPTRENDERERHELPER.OBJ
C:\USERS\ATOM\DESKTOP\FOLDER(4)\MENTORII.LAST\MENTOR\MENTORII.LAST2\MENTORII\WIN32\DEBUG\SCRIPTRENDERER.OBJ
C:\USERS\ATOM\DESKTOP\FOLDER(4)\MENTORII.LAST\MENTOR\MENTORII.LAST2\MENTORII\WIN32\DEBUG\RANDOM_QUIZGROUPFILTER.OBJ
C:\USERS\ATOM\DESKTOP\FOLDER(4)\MENTORII.LAST\MENTOR\MENTORII.LAST2\MENTORII\WIN32\DEBUG\QUIZVIEWERHELPER.OBJ
C:\USERS\ATOM\DESKTOP\FOLDER(4)\MENTORII.LAST\MENTOR\MENTORII.LAST2\MENTORII\WIN32\DEBUG\XMLQUIZFILE_VARIANTS.OBJ
C:\USERS\ATOM\DESKTOP\FOLDER(4)\MENTORII.LAST\MENTOR\MENTORII.LAST2\MENTORII\WIN32\DEBUG\XMLQUIZFILE_STRUCTURE.OBJ
C:\USERS\ATOM\DESKTOP\FOLDER(4)\MENTORII.LAST\MENTOR\MENTORII.LAST2\MENTORII\WIN32\DEBUG\XMLQUIZFILE_QUIZGROUPFILTER.OBJ
C:\USERS\ATOM\DESKTOP\FOLDER(4)\MENTORII.LAST\MENTOR\MENTORII.LAST2\MENTORII\WIN32\DEBUG\XMLQUIZFILE.OBJ
C:\USERS\ATOM\DESKTOP\FOLDER(4)\MENTORII.LAST\MENTOR\MENTORII.LAST2\MENTORII\WIN32\DEBUG\WEBRENDERER.OBJ
C:\USERS\ATOM\DESKTOP\FOLDER(4)\MENTORII.LAST\MENTOR\MENTORII.LAST2\MENTORII\WIN32\DEBUG\UTILS.OBJ
C:\USERS\ATOM\DESKTOP\FOLDER(4)\MENTORII.LAST\MENTOR\MENTORII.LAST2\MENTORII\WIN32\DEBUG\TXTTOBMP.OBJ
C:\USERS\ATOM\DESKTOP\FOLDER(4)\MENTORII.LAST\MENTOR\MENTORII.LAST2\MENTORII\WIN32\DEBUG\TASKVIEWERHELPER.OBJ
C:\USERS\ATOM\DESKTOP\FOLDER(4)\MENTORII.LAST\MENTOR\MENTORII.LAST2\MENTORII\WIN32\DEBUG\TASKVIEWER.OBJ
C:\USERS\ATOM\DESKTOP\FOLDER(4)\MENTORII.LAST\MENTOR\MENTORII.LAST2\MENTORII\WIN32\DEBUG\TASKVIEW.OBJ
C:\USERS\ATOM\DESKTOP\FOLDER(4)\MENTORII.LAST\MENTOR\MENTORII.LAST2\MENTORII\WIN32\DEBUG\TASKTREE.OBJ
C:\USERS\ATOM\DESKTOP\FOLDER(4)\MENTORII.LAST\MENTOR\MENTORII.LAST2\MENTORII\WIN32\DEBUG\TASKTOQUIZHELPER.OBJ
C:\USERS\ATOM\DESKTOP\FOLDER(4)\MENTORII.LAST\MENTOR\MENTORII.LAST2\MENTORII\WIN32\DEBUG\TASKQUESTIONTOQUIZ.OBJ
C:\USERS\ATOM\DESKTOP\FOLDER(4)\MENTORII.LAST\MENTOR\MENTORII.LAST2\MENTORII\WIN32\DEBUG\TASKQUESTION_TASKVIEWERHELPER.OBJ
C:\USERS\ATOM\DESKTOP\FOLDER(4)\MENTORII.LAST\MENTOR\MENTORII.LAST2\MENTORII\WIN32\DEBUG\TASKQUESTION_TASKVIEW.OBJ
C:\USERS\ATOM\DESKTOP\FOLDER(4)\MENTORII.LAST\MENTOR\MENTORII.LAST2\MENTORII\WIN32\DEBUG\TASKQUESTION_TASKLOADERHELPER.OBJ
C:\USERS\ATOM\DESKTOP\FOLDER(4)\MENTORII.LAST\MENTOR\MENTORII.LAST2\MENTORII\WIN32\DEBUG\TASKQUESTION_TASKCELL.OBJ
C:\USERS\ATOM\DESKTOP\FOLDER(4)\MENTORII.LAST\MENTOR\MENTORII.LAST2\MENTORII\WIN32\DEBUG\TASKQUESTION.OBJ
C:\USERS\ATOM\DESKTOP\FOLDER(4)\MENTORII.LAST\MENTOR\MENTORII.LAST2\MENTORII\WIN32\DEBUG\TASKNODE.OBJ
C:\USERS\ATOM\DESKTOP\FOLDER(4)\MENTORII.LAST\MENTOR\MENTORII.LAST2\MENTORII\WIN32\DEBUG\TASKMTRTABLETOQUIZ.OBJ
C:\USERS\ATOM\DESKTOP\FOLDER(4)\MENTORII.LAST\MENTOR\MENTORII.LAST2\MENTORII\DEBUG\MOC_DLGABOUT.CPP
C:\USERS\ATOM\DESKTOP\FOLDER(4)\MENTORII.LAST\MENTOR\MENTORII.LAST2\MENTORII\DEBUG\MOC_DLGADDQUESTIONS.CPP
C:\USERS\ATOM\DESKTOP\FOLDER(4)\MENTORII.LAST\MENTOR\MENTORII.LAST2\MENTORII\DEBUG\MOC_DLGNEWGROUP.CPP
C:\USERS\ATOM\DESKTOP\FOLDER(4)\MENTORII.LAST\MENTOR\MENTORII.LAST2\MENTORII\DEBUG\MOC_DLGTESTGENPROGRESS.CPP
C:\USERS\ATOM\DESKTOP\FOLDER(4)\MENTORII.LAST\MENTOR\MENTORII.LAST2\MENTORII\DEBUG\MOC_DLGVARIANT.CPP
C:\USERS\ATOM\DESKTOP\FOLDER(4)\MENTORII.LAST\MENTOR\MENTORII.LAST2\MENTORII\DEBUG\MOC_DLGVARIANTS.CPP
C:\USERS\ATOM\DESKTOP\FOLDER(4)\MENTORII.LAST\MENTOR\MENTORII.LAST2\MENTORII\DEBUG\MOC_MAINWINDOW.CPP
C:\USERS\ATOM\DESKTOP\FOLDER(4)\MENTORII.LAST\MENTOR\MENTORII.LAST2\MENTORII\DEBUG\MOC_QUIZ_DLGPROPERTIES.CPP
C:\USERS\ATOM\DESKTOP\FOLDER(4)\MENTORII.LAST\MENTOR\MENTORII.LAST2\MENTORII\DEBUG\MOC_QUIZCELL.CPP
C:\USERS\ATOM\DESKTOP\FOLDER(4)\MENTORII.LAST\MENTOR\MENTORII.LAST2\MENTORII\DEBUG\MOC_QUIZGROUP_DLGPROPERTIES.CPP
C:\USERS\ATOM\DESKTOP\FOLDER(4)\MENTORII.LAST\MENTOR\MENTORII.LAST2\MENTORII\DEBUG\MOC_QUIZGROUP_QUIZCELL.CPP
C:\USERS\ATOM\DESKTOP\FOLDER(4)\MENTORII.LAST\MENTOR\MENTORII.LAST2\MENTORII\DEBUG\MOC_QUIZGROUP_QUIZNODEVIEW.CPP
C:\USERS\ATOM\DESKTOP\FOLDER(4)\MENTORII.LAST\MENTOR\MENTORII.LAST2\MENTORII\DEBUG\MOC_QUIZNODE.CPP
C:\USERS\ATOM\DESKTOP\FOLDER(4)\MENTORII.LAST\MENTOR\MENTORII.LAST2\MENTORII\DEBUG\MOC_QUIZNODEVIEW.CPP
C:\USERS\ATOM\DESKTOP\FOLDER(4)\MENTORII.LAST\MENTOR\MENTORII.LAST2\MENTORII\DEBUG\MOC_QUIZQUESTION_QUIZCELL.CPP
C:\USERS\ATOM\DESKTOP\FOLDER(4)\MENTORII.LAST\MENTOR\MENTORII.LAST2\MENTORII\DEBUG\MOC_QUIZVIEW.CPP
C:\USERS\ATOM\DESKTOP\FOLDER(4)\MENTORII.LAST\MENTOR\MENTORII.LAST2\MENTORII\DEBUG\MOC_TASKCELL.CPP
C:\USERS\ATOM\DESKTOP\FOLDER(4)\MENTORII.LAST\MENTOR\MENTORII.LAST2\MENTORII\DEBUG\MOC_TASKGROUP_TASKCELL.CPP
C:\USERS\ATOM\DESKTOP\FOLDER(4)\MENTORII.LAST\MENTOR\MENTORII.LAST2\MENTORII\DEBUG\MOC_TASKGROUP_TASKVIEW.CPP
C:\USERS\ATOM\DESKTOP\FOLDER(4)\MENTORII.LAST\MENTOR\MENTORII.LAST2\MENTORII\DEBUG\MOC_TASKMTRTABLE_TASKCELL.CPP
C:\USERS\ATOM\DESKTOP\FOLDER(4)\MENTORII.LAST\MENTOR\MENTORII.LAST2\MENTORII\DEBUG\MOC_TASKMTRTABLE_TASKVIEW.CPP
C:\USERS\ATOM\DESKTOP\FOLDER(4)\MENTORII.LAST\MENTOR\MENTORII.LAST2\MENTORII\DEBUG\MOC_TASKQUESTION_TASKCELL.CPP
C:\USERS\ATOM\DESKTOP\FOLDER(4)\MENTORII.LAST\MENTOR\MENTORII.LAST2\MENTORII\DEBUG\MOC_TASKQUESTION_TASKVIEW.CPP
C:\USERS\ATOM\DESKTOP\FOLDER(4)\MENTORII.LAST\MENTOR\MENTORII.LAST2\MENTORII\DEBUG\MOC_TASKVIEW.CPP
C:\USERS\ATOM\DESKTOP\FOLDER(4)\MENTORII.LAST\MENTOR\MENTORII.LAST2\MENTORII\GENERATEDFILES\UI_DLGABOUT.H
C:\USERS\ATOM\DESKTOP\FOLDER(4)\MENTORII.LAST\MENTOR\MENTORII.LAST2\MENTORII\GENERATEDFILES\UI_DLGADDQUESTIONS.H
C:\USERS\ATOM\DESKTOP\FOLDER(4)\MENTORII.LAST\MENTOR\MENTORII.LAST2\MENTORII\GENERATEDFILES\UI_DLGNEWGROUP.H
C:\USERS\ATOM\DESKTOP\FOLDER(4)\MENTORII.LAST\MENTOR\MENTORII.LAST2\MENTORII\GENERATEDFILES\UI_DLGTESTGENPROGRESS.H
C:\USERS\ATOM\DESKTOP\FOLDER(4)\MENTORII.LAST\MENTOR\MENTORII.LAST2\MENTORII\GENERATEDFILES\UI_DLGVARIANT.H
C:\USERS\ATOM\DESKTOP\FOLDER(4)\MENTORII.LAST\MENTOR\MENTORII.LAST2\MENTORII\GENERATEDFILES\UI_DLGVARIANTS.H
C:\USERS\ATOM\DESKTOP\FOLDER(4)\MENTORII.LAST\MENTOR\MENTORII.LAST2\MENTORII\GENERATEDFILES\UI_MAINWINDOW.H
C:\USERS\ATOM\DESKTOP\FOLDER(4)\MENTORII.LAST\MENTOR\MENTORII.LAST2\MENTORII\GENERATEDFILES\UI_QUIZ_DLGPROPERTIES.H
C:\USERS\ATOM\DESKTOP\FOLDER(4)\MENTORII.LAST\MENTOR\MENTORII.LAST2\MENTORII\GENERATEDFILES\UI_QUIZGROUP_DLGPROPERTIES.H
C:\USERS\ATOM\DESKTOP\FOLDER(4)\MENTORII.LAST\MENTOR\MENTORII.LAST2\MENTORII\GENERATEDFILES\UI_QUIZGROUP_QUIZCELL.H
C:\USERS\ATOM\DESKTOP\FOLDER(4)\MENTORII.LAST\MENTOR\MENTORII.LAST2\MENTORII\GENERATEDFILES\UI_QUIZGROUP_QUIZNODEVIEW.H
C:\USERS\ATOM\DESKTOP\FOLDER(4)\MENTORII.LAST\MENTOR\MENTORII.LAST2\MENTORII\GENERATEDFILES\UI_QUIZQUESTION_QUIZCELL.H
C:\USERS\ATOM\DESKTOP\FOLDER(4)\MENTORII.LAST\MENTOR\MENTORII.LAST2\MENTORII\GENERATEDFILES\UI_QUIZVIEW.H
C:\USERS\ATOM\DESKTOP\FOLDER(4)\MENTORII.LAST\MENTOR\MENTORII.LAST2\MENTORII\GENERATEDFILES\UI_TASKGROUP_TASKCELL.H
C:\USERS\ATOM\DESKTOP\FOLDER(4)\MENTORII.LAST\MENTOR\MENTORII.LAST2\MENTORII\GENERATEDFILES\UI_TASKGROUP_TASKVIEW.H
C:\USERS\ATOM\DESKTOP\FOLDER(4)\MENTORII.LAST\MENTOR\MENTORII.LAST2\MENTORII\GENERATEDFILES\UI_TASKMTRTABLE_TASKCELL.H
C:\USERS\ATOM\DESKTOP\FOLDER(4)\MENTORII.LAST\MENTOR\MENTORII.LAST2\MENTORII\GENERATEDFILES\UI_TASKMTRTABLE_TASKVIEW.H
C:\USERS\ATOM\DESKTOP\FOLDER(4)\MENTORII.LAST\MENTOR\MENTORII.LAST2\MENTORII\GENERATEDFILES\UI_TASKQUESTION_TASKCELL.H
C:\USERS\ATOM\DESKTOP\FOLDER(4)\MENTORII.LAST\MENTOR\MENTORII.LAST2\MENTORII\GENERATEDFILES\UI_TASKQUESTION_TASKVIEW.H
C:\USERS\ATOM\DESKTOP\FOLDER(4)\MENTORII.LAST\MENTOR\MENTORII.LAST2\MENTORII\GENERATEDFILES\QRC_R.CPP
C:\Users\ATOM\Desktop\folder(4)\MentorII.last\mentor\MentorII.last2\MentorII\Win32\Debug\chain.obj
C:\Users\ATOM\Desktop\folder(4)\MentorII.last\mentor\MentorII.last2\MentorII\Win32\Debug\derivs_generatedquestion.obj
C:\Users\ATOM\Desktop\folder(4)\MentorII.last\mentor\MentorII.last2\MentorII\Win32\Debug\derivs_generatorhelper.obj
C:\Users\ATOM\Desktop\folder(4)\MentorII.last\mentor\MentorII.last2\MentorII\Win32\Debug\derivs_scriptrendererhelper.obj
C:\Users\ATOM\Desktop\folder(4)\MentorII.last\mentor\MentorII.last2\MentorII\Win32\Debug\dlgabout.obj
C:\Users\ATOM\Desktop\folder(4)\MentorII.last\mentor\MentorII.last2\MentorII\Win32\Debug\dlgaddquestions.obj
C:\Users\ATOM\Desktop\folder(4)\MentorII.last\mentor\MentorII.last2\MentorII\Win32\Debug\dlgnewgroup.obj
C:\Users\ATOM\Desktop\folder(4)\MentorII.last\mentor\MentorII.last2\MentorII\Win32\Debug\dlgtestgenprogress.obj
C:\Users\ATOM\Desktop\folder(4)\MentorII.last\mentor\MentorII.last2\MentorII\Win32\Debug\dlgvariant.obj
C:\Users\ATOM\Desktop\folder(4)\MentorII.last\mentor\MentorII.last2\MentorII\Win32\Debug\dlgvariants.obj
C:\Users\ATOM\Desktop\folder(4)\MentorII.last\mentor\MentorII.last2\MentorII\Win32\Debug\generatedquestion.obj
C:\Users\ATOM\Desktop\folder(4)\MentorII.last\mentor\MentorII.last2\MentorII\Win32\Debug\generator.obj
C:\Users\ATOM\Desktop\folder(4)\MentorII.last\mentor\MentorII.last2\MentorII\Win32\Debug\generatorhelper.obj
C:\Users\ATOM\Desktop\folder(4)\MentorII.last\mentor\MentorII.last2\MentorII\Win32\Debug\imagerenderer.obj
C:\Users\ATOM\Desktop\folder(4)\MentorII.last\mentor\MentorII.last2\MentorII\Win32\Debug\integrals_generatedquestion.obj
C:\Users\ATOM\Desktop\folder(4)\MentorII.last\mentor\MentorII.last2\MentorII\Win32\Debug\integrals_generatorhelper.obj
C:\Users\ATOM\Desktop\folder(4)\MentorII.last\mentor\MentorII.last2\MentorII\Win32\Debug\integrals_scriptrendererhelper.obj
C:\Users\ATOM\Desktop\folder(4)\MentorII.last\mentor\MentorII.last2\MentorII\Win32\Debug\legacy_helpers.obj
C:\Users\ATOM\Desktop\folder(4)\MentorII.last\mentor\MentorII.last2\MentorII\Win32\Debug\limits_generatedquestion.obj
C:\Users\ATOM\Desktop\folder(4)\MentorII.last\mentor\MentorII.last2\MentorII\Win32\Debug\limits_generatorhelper.obj
C:\Users\ATOM\Desktop\folder(4)\MentorII.last\mentor\MentorII.last2\MentorII\Win32\Debug\limits_scriptrendererhelper.obj
C:\Users\ATOM\Desktop\folder(4)\MentorII.last\mentor\MentorII.last2\MentorII\Win32\Debug\main.obj
C:\Users\ATOM\Desktop\folder(4)\MentorII.last\mentor\MentorII.last2\MentorII\Win32\Debug\mainwindow.obj
C:\Users\ATOM\Desktop\folder(4)\MentorII.last\mentor\MentorII.last2\MentorII\Win32\Debug\moc_dlgabout.obj
C:\Users\ATOM\Desktop\folder(4)\MentorII.last\mentor\MentorII.last2\MentorII\Win32\Debug\moc_dlgaddquestions.obj
C:\Users\ATOM\Desktop\folder(4)\MentorII.last\mentor\MentorII.last2\MentorII\Win32\Debug\moc_dlgnewgroup.obj
C:\Users\ATOM\Desktop\folder(4)\MentorII.last\mentor\MentorII.last2\MentorII\Win32\Debug\moc_dlgtestgenprogress.obj
C:\Users\ATOM\Desktop\folder(4)\MentorII.last\mentor\MentorII.last2\MentorII\Win32\Debug\moc_dlgvariant.obj
C:\Users\ATOM\Desktop\folder(4)\MentorII.last\mentor\MentorII.last2\MentorII\Win32\Debug\moc_dlgvariants.obj
C:\Users\ATOM\Desktop\folder(4)\MentorII.last\mentor\MentorII.last2\MentorII\Win32\Debug\moc_mainwindow.obj
C:\Users\ATOM\Desktop\folder(4)\MentorII.last\mentor\MentorII.last2\MentorII\Win32\Debug\moc_quizcell.obj
C:\Users\ATOM\Desktop\folder(4)\MentorII.last\mentor\MentorII.last2\MentorII\Win32\Debug\moc_quizgroup_dlgproperties.obj
C:\Users\ATOM\Desktop\folder(4)\MentorII.last\mentor\MentorII.last2\MentorII\Win32\Debug\moc_quizgroup_quizcell.obj
C:\Users\ATOM\Desktop\folder(4)\MentorII.last\mentor\MentorII.last2\MentorII\Win32\Debug\moc_quizgroup_quiznodeview.obj
C:\Users\ATOM\Desktop\folder(4)\MentorII.last\mentor\MentorII.last2\MentorII\Win32\Debug\moc_quiznode.obj
C:\Users\ATOM\Desktop\folder(4)\MentorII.last\mentor\MentorII.last2\MentorII\Win32\Debug\moc_quiznodeview.obj
C:\Users\ATOM\Desktop\folder(4)\MentorII.last\mentor\MentorII.last2\MentorII\Win32\Debug\moc_quizquestion_quizcell.obj
C:\Users\ATOM\Desktop\folder(4)\MentorII.last\mentor\MentorII.last2\MentorII\Win32\Debug\moc_quizview.obj
C:\Users\ATOM\Desktop\folder(4)\MentorII.last\mentor\MentorII.last2\MentorII\Win32\Debug\moc_quiz_dlgproperties.obj
C:\Users\ATOM\Desktop\folder(4)\MentorII.last\mentor\MentorII.last2\MentorII\Win32\Debug\moc_taskcell.obj
C:\Users\ATOM\Desktop\folder(4)\MentorII.last\mentor\MentorII.last2\MentorII\Win32\Debug\moc_taskgroup_taskcell.obj
C:\Users\ATOM\Desktop\folder(4)\MentorII.last\mentor\MentorII.last2\MentorII\Win32\Debug\moc_taskgroup_taskview.obj
C:\Users\ATOM\Desktop\folder(4)\MentorII.last\mentor\MentorII.last2\MentorII\Win32\Debug\moc_taskmtrtable_taskcell.obj
C:\Users\ATOM\Desktop\folder(4)\MentorII.last\mentor\MentorII.last2\MentorII\Win32\Debug\moc_taskmtrtable_taskview.obj
C:\Users\ATOM\Desktop\folder(4)\MentorII.last\mentor\MentorII.last2\MentorII\Win32\Debug\moc_taskquestion_taskcell.obj
C:\Users\ATOM\Desktop\folder(4)\MentorII.last\mentor\MentorII.last2\MentorII\Win32\Debug\moc_taskquestion_taskview.obj
C:\Users\ATOM\Desktop\folder(4)\MentorII.last\mentor\MentorII.last2\MentorII\Win32\Debug\moc_taskview.obj
C:\Users\ATOM\Desktop\folder(4)\MentorII.last\mentor\MentorII.last2\MentorII\Win32\Debug\m_deriv.obj
C:\Users\ATOM\Desktop\folder(4)\MentorII.last\mentor\MentorII.last2\MentorII\Win32\Debug\m_deriv_01.obj
C:\Users\ATOM\Desktop\folder(4)\MentorII.last\mentor\MentorII.last2\MentorII\Win32\Debug\m_deriv_02.obj
C:\Users\ATOM\Desktop\folder(4)\MentorII.last\mentor\MentorII.last2\MentorII\Win32\Debug\m_expressions.obj
C:\Users\ATOM\Desktop\folder(4)\MentorII.last\mentor\MentorII.last2\MentorII\Win32\Debug\m_integ.obj
C:\Users\ATOM\Desktop\folder(4)\MentorII.last\mentor\MentorII.last2\MentorII\Win32\Debug\m_integ0xxb.obj
C:\Users\ATOM\Desktop\folder(4)\MentorII.last\mentor\MentorII.last2\MentorII\Win32\Debug\m_integ2.obj
C:\Users\ATOM\Desktop\folder(4)\MentorII.last\mentor\MentorII.last2\MentorII\Win32\Debug\m_integ_a01.obj
C:\Users\ATOM\Desktop\folder(4)\MentorII.last\mentor\MentorII.last2\MentorII\Win32\Debug\m_integ_a02.obj
C:\Users\ATOM\Desktop\folder(4)\MentorII.last\mentor\MentorII.last2\MentorII\Win32\Debug\m_integ_a03.obj
C:\Users\ATOM\Desktop\folder(4)\MentorII.last\mentor\MentorII.last2\MentorII\Win32\Debug\m_limits.obj
C:\Users\ATOM\Desktop\folder(4)\MentorII.last\mentor\MentorII.last2\MentorII\Win32\Debug\printscriptrenderer.obj
C:\Users\ATOM\Desktop\folder(4)\MentorII.last\mentor\MentorII.last2\MentorII\Win32\Debug\quiz.obj
C:\Users\ATOM\Desktop\folder(4)\MentorII.last\mentor\MentorII.last2\MentorII\Win32\Debug\quizadapter.obj
C:\Users\ATOM\Desktop\folder(4)\MentorII.last\mentor\MentorII.last2\MentorII\Win32\Debug\quizfile.obj
C:\Users\ATOM\Desktop\folder(4)\MentorII.last\mentor\MentorII.last2\MentorII\Win32\Debug\quizfilter.obj
C:\Users\ATOM\Desktop\folder(4)\MentorII.last\mentor\MentorII.last2\MentorII\Win32\Debug\quizgroup.obj
C:\Users\ATOM\Desktop\folder(4)\MentorII.last\mentor\MentorII.last2\MentorII\Win32\Debug\quizgroupfilter.obj
C:\Users\ATOM\Desktop\folder(4)\MentorII.last\mentor\MentorII.last2\MentorII\Win32\Debug\quizgroup_dlgproperties.obj
C:\Users\ATOM\Desktop\folder(4)\MentorII.last\mentor\MentorII.last2\MentorII\Win32\Debug\quizgroup_quizcell.obj
C:\Users\ATOM\Desktop\folder(4)\MentorII.last\mentor\MentorII.last2\MentorII\Win32\Debug\quizgroup_quiznodeview.obj
C:\Users\ATOM\Desktop\folder(4)\MentorII.last\mentor\MentorII.last2\MentorII\Win32\Debug\quizgroup_quizviewerhelper.obj
C:\Users\ATOM\Desktop\folder(4)\MentorII.last\mentor\MentorII.last2\MentorII\Win32\Debug\quizgroup_xmlquizfile_structure_helper.obj
C:\Users\ATOM\Desktop\folder(4)\MentorII.last\mentor\MentorII.last2\MentorII\Win32\Debug\quiznode.obj
C:\Users\ATOM\Desktop\folder(4)\MentorII.last\mentor\MentorII.last2\MentorII\Win32\Debug\quiznodeview.obj
C:\Users\ATOM\Desktop\folder(4)\MentorII.last\mentor\MentorII.last2\MentorII\Win32\Debug\quizquestion_quizcell.obj
C:\Users\ATOM\Desktop\folder(4)\MentorII.last\mentor\MentorII.last2\MentorII\Win32\Debug\quizquestion_xmlquizfile_structure_helper.obj
C:\Users\ATOM\Desktop\folder(4)\MentorII.last\mentor\MentorII.last2\MentorII\Win32\Debug\quizvariant.obj
C:\Users\ATOM\Desktop\folder(4)\MentorII.last\mentor\MentorII.last2\MentorII\Win32\Debug\quizview.obj
C:\Users\ATOM\Desktop\folder(4)\MentorII.last\mentor\MentorII.last2\MentorII\Win32\Debug\quizviewer.obj
C:\Users\ATOM\Desktop\folder(4)\MentorII.last\mentor\MentorII.last2\MentorII\Win32\Debug\quizviewerhelper.obj
C:\Users\ATOM\Desktop\folder(4)\MentorII.last\mentor\MentorII.last2\MentorII\Win32\Debug\quiz_dlgproperties.obj
C:\Users\ATOM\Desktop\folder(4)\MentorII.last\mentor\MentorII.last2\MentorII\Win32\Debug\random_quizgroupfilter.obj
C:\Users\ATOM\Desktop\folder(4)\MentorII.last\mentor\MentorII.last2\MentorII\Win32\Debug\scriptrenderer.obj
C:\Users\ATOM\Desktop\folder(4)\MentorII.last\mentor\MentorII.last2\MentorII\Win32\Debug\scriptrendererhelper.obj
C:\Users\ATOM\Desktop\folder(4)\MentorII.last\mentor\MentorII.last2\MentorII\Win32\Debug\shuffle_quizgroupfilter.obj
C:\Users\ATOM\Desktop\folder(4)\MentorII.last\mentor\MentorII.last2\MentorII\Win32\Debug\task2quiz.obj
C:\Users\ATOM\Desktop\folder(4)\MentorII.last\mentor\MentorII.last2\MentorII\Win32\Debug\taskcell.obj
C:\Users\ATOM\Desktop\folder(4)\MentorII.last\mentor\MentorII.last2\MentorII\Win32\Debug\taskgroup.obj
C:\Users\ATOM\Desktop\folder(4)\MentorII.last\mentor\MentorII.last2\MentorII\Win32\Debug\taskgrouptoquiz.obj
C:\Users\ATOM\Desktop\folder(4)\MentorII.last\mentor\MentorII.last2\MentorII\Win32\Debug\taskgroup_taskcell.obj
C:\Users\ATOM\Desktop\folder(4)\MentorII.last\mentor\MentorII.last2\MentorII\Win32\Debug\taskgroup_taskloaderhelper.obj
C:\Users\ATOM\Desktop\folder(4)\MentorII.last\mentor\MentorII.last2\MentorII\Win32\Debug\taskgroup_taskview.obj
C:\Users\ATOM\Desktop\folder(4)\MentorII.last\mentor\MentorII.last2\MentorII\Win32\Debug\taskgroup_taskviewerhelper.obj
C:\Users\ATOM\Desktop\folder(4)\MentorII.last\mentor\MentorII.last2\MentorII\Win32\Debug\taskloader.obj
C:\Users\ATOM\Desktop\folder(4)\MentorII.last\mentor\MentorII.last2\MentorII\Win32\Debug\taskloaderhelper.obj
C:\Users\ATOM\Desktop\folder(4)\MentorII.last\mentor\MentorII.last2\MentorII\Win32\Debug\taskmtrtable.obj
C:\Users\ATOM\Desktop\folder(4)\MentorII.last\mentor\MentorII.last2\MentorII\Win32\Debug\taskmtrtabletoquiz.obj
C:\Users\ATOM\Desktop\folder(4)\MentorII.last\mentor\MentorII.last2\MentorII\Win32\Debug\taskmtrtable_taskcell.obj
C:\Users\ATOM\Desktop\folder(4)\MentorII.last\mentor\MentorII.last2\MentorII\Win32\Debug\taskmtrtable_taskloaderhelper.obj
C:\Users\ATOM\Desktop\folder(4)\MentorII.last\mentor\MentorII.last2\MentorII\Win32\Debug\taskmtrtable_taskview.obj
C:\Users\ATOM\Desktop\folder(4)\MentorII.last\mentor\MentorII.last2\MentorII\Win32\Debug\taskmtrtable_taskviewerhelper.obj
C:\Users\ATOM\Desktop\folder(4)\MentorII.last\mentor\MentorII.last2\MentorII\Win32\Debug\tasknode.obj
C:\Users\ATOM\Desktop\folder(4)\MentorII.last\mentor\MentorII.last2\MentorII\Win32\Debug\taskquestion.obj
C:\Users\ATOM\Desktop\folder(4)\MentorII.last\mentor\MentorII.last2\MentorII\Win32\Debug\taskquestiontoquiz.obj
C:\Users\ATOM\Desktop\folder(4)\MentorII.last\mentor\MentorII.last2\MentorII\Win32\Debug\taskquestion_taskcell.obj
C:\Users\ATOM\Desktop\folder(4)\MentorII.last\mentor\MentorII.last2\MentorII\Win32\Debug\taskquestion_taskloaderhelper.obj
C:\Users\ATOM\Desktop\folder(4)\MentorII.last\mentor\MentorII.last2\MentorII\Win32\Debug\taskquestion_taskview.obj
C:\Users\ATOM\Desktop\folder(4)\MentorII.last\mentor\MentorII.last2\MentorII\Win32\Debug\taskquestion_taskviewerhelper.obj
C:\Users\ATOM\Desktop\folder(4)\MentorII.last\mentor\MentorII.last2\MentorII\Win32\Debug\tasktoquizhelper.obj
C:\Users\ATOM\Desktop\folder(4)\MentorII.last\mentor\MentorII.last2\MentorII\Win32\Debug\tasktree.obj
C:\Users\ATOM\Desktop\folder(4)\MentorII.last\mentor\MentorII.last2\MentorII\Win32\Debug\taskview.obj
C:\Users\ATOM\Desktop\folder(4)\MentorII.last\mentor\MentorII.last2\MentorII\Win32\Debug\taskviewer.obj
C:\Users\ATOM\Desktop\folder(4)\MentorII.last\mentor\MentorII.last2\MentorII\Win32\Debug\taskviewerhelper.obj
C:\Users\ATOM\Desktop\folder(4)\MentorII.last\mentor\MentorII.last2\MentorII\Win32\Debug\txttobmp.obj
C:\Users\ATOM\Desktop\folder(4)\MentorII.last\mentor\MentorII.last2\MentorII\Win32\Debug\utils.obj
C:\Users\ATOM\Desktop\folder(4)\MentorII.last\mentor\MentorII.last2\MentorII\Win32\Debug\webrenderer.obj
C:\Users\ATOM\Desktop\folder(4)\MentorII.last\mentor\MentorII.last2\MentorII\Win32\Debug\xmlquizfile.obj
C:\Users\ATOM\Desktop\folder(4)\MentorII.last\mentor\MentorII.last2\MentorII\Win32\Debug\xmlquizfile_quizgroupfilter.obj
C:\Users\ATOM\Desktop\folder(4)\MentorII.last\mentor\MentorII.last2\MentorII\Win32\Debug\xmlquizfile_structure.obj
C:\Users\ATOM\Desktop\folder(4)\MentorII.last\mentor\MentorII.last2\MentorII\Win32\Debug\xmlquizfile_variants.obj
C:\Users\ATOM\Desktop\folder(4)\MentorII.last\mentor\MentorII.last2\MentorII\Win32\Debug\cl.command.1.tlog
C:\Users\ATOM\Desktop\folder(4)\MentorII.last\mentor\MentorII.last2\MentorII\Win32\Debug\CL.read.1.tlog
C:\Users\ATOM\Desktop\folder(4)\MentorII.last\mentor\MentorII.last2\MentorII\Win32\Debug\CL.write.1.tlog
C:\Users\ATOM\Desktop\folder(4)\MentorII.last\mentor\MentorII.last2\MentorII\Win32\Debug\custombuild.command.1.tlog
C:\Users\ATOM\Desktop\folder(4)\MentorII.last\mentor\MentorII.last2\MentorII\Win32\Debug\custombuild.read.1.tlog
C:\Users\ATOM\Desktop\folder(4)\MentorII.last\mentor\MentorII.last2\MentorII\Win32\Debug\custombuild.write.1.tlog
C:\Users\ATOM\Desktop\folder(4)\MentorII.last\mentor\MentorII.last2\MentorII\Win32\Debug\vc110.pdb
