C:\USERS\ATOM\DESKTOP\FOLDER(4)\MENTORII.LAST\MENTOR\MENTORII.LAST2\MENTORII\WIN32\RELEASE\CONVERT_TO_TEX.OBJ
C:\USERS\ATOM\DESKTOP\FOLDER(4)\MENTORII.LAST\MENTOR\MENTORII.LAST2\MENTORII\WIN32\RELEASE\MOC_DLGVARIANT.OBJ
C:\USERS\ATOM\DESKTOP\FOLDER(4)\MENTORII.LAST\MENTOR\MENTORII.LAST2\MENTORII\WIN32\RELEASE\MOC_QUIZGROUP_DLGPROPERTIES.OBJ
C:\USERS\ATOM\DESKTOP\FOLDER(4)\MENTORII.LAST\MENTOR\MENTORII.LAST2\MENTORII\WIN32\RELEASE\MOC_QUIZQUESTION_QUIZCELL.OBJ
C:\USERS\ATOM\DESKTOP\FOLDER(4)\MENTORII.LAST\MENTOR\MENTORII.LAST2\MENTORII\WIN32\RELEASE\MOC_TASKGROUP_TASKCELL.OBJ
C:\USERS\ATOM\DESKTOP\FOLDER(4)\MENTORII.LAST\MENTOR\MENTORII.LAST2\MENTORII\WIN32\RELEASE\MOC_TASKQUESTION_TASKCELL.OBJ
C:\USERS\ATOM\DESKTOP\FOLDER(4)\MENTORII.LAST\MENTOR\MENTORII.LAST2\MENTORII\WIN32\RELEASE\DERIVS_GENERATEDQUESTION.OBJ
C:\USERS\ATOM\DESKTOP\FOLDER(4)\MENTORII.LAST\MENTOR\MENTORII.LAST2\MENTORII\WIN32\RELEASE\DLGADDQUESTIONS.OBJ
C:\USERS\ATOM\DESKTOP\FOLDER(4)\MENTORII.LAST\MENTOR\MENTORII.LAST2\MENTORII\WIN32\RELEASE\GENERATEDQUESTION.OBJ
C:\USERS\ATOM\DESKTOP\FOLDER(4)\MENTORII.LAST\MENTOR\MENTORII.LAST2\MENTORII\WIN32\RELEASE\IMAGERENDERER.OBJ
C:\USERS\ATOM\DESKTOP\FOLDER(4)\MENTORII.LAST\MENTOR\MENTORII.LAST2\MENTORII\WIN32\RELEASE\LIMITS_GENERATEDQUESTION.OBJ
C:\USERS\ATOM\DESKTOP\FOLDER(4)\MENTORII.LAST\MENTOR\MENTORII.LAST2\MENTORII\WIN32\RELEASE\M_DERIV_01.OBJ
C:\USERS\ATOM\DESKTOP\FOLDER(4)\MENTORII.LAST\MENTOR\MENTORII.LAST2\MENTORII\WIN32\RELEASE\M_INTEG.OBJ
C:\USERS\ATOM\DESKTOP\FOLDER(4)\MENTORII.LAST\MENTOR\MENTORII.LAST2\MENTORII\WIN32\RELEASE\M_INTEG_A01.OBJ
C:\USERS\ATOM\DESKTOP\FOLDER(4)\MENTORII.LAST\MENTOR\MENTORII.LAST2\MENTORII\WIN32\RELEASE\M_INTEG_A03.OBJ
C:\USERS\ATOM\DESKTOP\FOLDER(4)\MENTORII.LAST\MENTOR\MENTORII.LAST2\MENTORII\WIN32\RELEASE\MAIN.OBJ
C:\USERS\ATOM\DESKTOP\FOLDER(4)\MENTORII.LAST\MENTOR\MENTORII.LAST2\MENTORII\WIN32\RELEASE\QUIZADAPTER.OBJ
C:\USERS\ATOM\DESKTOP\FOLDER(4)\MENTORII.LAST\MENTOR\MENTORII.LAST2\MENTORII\WIN32\RELEASE\QUIZFILTER.OBJ
C:\USERS\ATOM\DESKTOP\FOLDER(4)\MENTORII.LAST\MENTOR\MENTORII.LAST2\MENTORII\WIN32\RELEASE\QUIZGROUP_QUIZNODEVIEW.OBJ
C:\USERS\ATOM\DESKTOP\FOLDER(4)\MENTORII.LAST\MENTOR\MENTORII.LAST2\MENTORII\WIN32\RELEASE\QUIZNODEVIEW.OBJ
C:\USERS\ATOM\DESKTOP\FOLDER(4)\MENTORII.LAST\MENTOR\MENTORII.LAST2\MENTORII\WIN32\RELEASE\QUIZVARIANT.OBJ
C:\USERS\ATOM\DESKTOP\FOLDER(4)\MENTORII.LAST\MENTOR\MENTORII.LAST2\MENTORII\WIN32\RELEASE\RANDOM_QUIZGROUPFILTER.OBJ
C:\USERS\ATOM\DESKTOP\FOLDER(4)\MENTORII.LAST\MENTOR\MENTORII.LAST2\MENTORII\WIN32\RELEASE\SHUFFLE_QUIZGROUPFILTER.OBJ
C:\USERS\ATOM\DESKTOP\FOLDER(4)\MENTORII.LAST\MENTOR\MENTORII.LAST2\MENTORII\WIN32\RELEASE\TASKGROUP_TASKLOADERHELPER.OBJ
C:\USERS\ATOM\DESKTOP\FOLDER(4)\MENTORII.LAST\MENTOR\MENTORII.LAST2\MENTORII\WIN32\RELEASE\TASKLOADER.OBJ
C:\USERS\ATOM\DESKTOP\FOLDER(4)\MENTORII.LAST\MENTOR\MENTORII.LAST2\MENTORII\WIN32\RELEASE\TASKMTRTABLE_TASKLOADERHELPER.OBJ
C:\USERS\ATOM\DESKTOP\FOLDER(4)\MENTORII.LAST\MENTOR\MENTORII.LAST2\MENTORII\WIN32\RELEASE\TASKQUESTION.OBJ
C:\USERS\ATOM\DESKTOP\FOLDER(4)\MENTORII.LAST\MENTOR\MENTORII.LAST2\MENTORII\WIN32\RELEASE\TASKQUESTION_TASKVIEWERHELPER.OBJ
C:\USERS\ATOM\DESKTOP\FOLDER(4)\MENTORII.LAST\MENTOR\MENTORII.LAST2\MENTORII\WIN32\RELEASE\TASKVIEW.OBJ
C:\USERS\ATOM\DESKTOP\FOLDER(4)\MENTORII.LAST\MENTOR\MENTORII.LAST2\MENTORII\WIN32\RELEASE\WEBRENDERER.OBJ
C:\USERS\ATOM\DESKTOP\FOLDER(4)\MENTORII.LAST\MENTOR\MENTORII.LAST2\MENTORII\WIN32\RELEASE\XMLQUIZFILE_VARIANTS.OBJ
C:\USERS\ATOM\DESKTOP\FOLDER(4)\MENTORII.LAST\MENTOR\MENTORII.LAST2\MENTORII\WIN32\RELEASE\MOC_DLGADDQUESTIONS.OBJ
C:\USERS\ATOM\DESKTOP\FOLDER(4)\MENTORII.LAST\MENTOR\MENTORII.LAST2\MENTORII\WIN32\RELEASE\MOC_MAINWINDOW.OBJ
C:\USERS\ATOM\DESKTOP\FOLDER(4)\MENTORII.LAST\MENTOR\MENTORII.LAST2\MENTORII\WIN32\RELEASE\MOC_QUIZGROUP_QUIZNODEVIEW.OBJ
C:\USERS\ATOM\DESKTOP\FOLDER(4)\MENTORII.LAST\MENTOR\MENTORII.LAST2\MENTORII\WIN32\RELEASE\MOC_QUIZVIEW.OBJ
C:\USERS\ATOM\DESKTOP\FOLDER(4)\MENTORII.LAST\MENTOR\MENTORII.LAST2\MENTORII\WIN32\RELEASE\MOC_TASKGROUP_TASKVIEW.OBJ
C:\USERS\ATOM\DESKTOP\FOLDER(4)\MENTORII.LAST\MENTOR\MENTORII.LAST2\MENTORII\WIN32\RELEASE\MOC_TASKQUESTION_TASKVIEW.OBJ
C:\USERS\ATOM\DESKTOP\FOLDER(4)\MENTORII.LAST\MENTOR\MENTORII.LAST2\MENTORII\WIN32\RELEASE\DERIVS_SCRIPTRENDERERHELPER.OBJ
C:\USERS\ATOM\DESKTOP\FOLDER(4)\MENTORII.LAST\MENTOR\MENTORII.LAST2\MENTORII\WIN32\RELEASE\DLGTESTGENPROGRESS.OBJ
C:\USERS\ATOM\DESKTOP\FOLDER(4)\MENTORII.LAST\MENTOR\MENTORII.LAST2\MENTORII\WIN32\RELEASE\GENERATOR.OBJ
C:\USERS\ATOM\DESKTOP\FOLDER(4)\MENTORII.LAST\MENTOR\MENTORII.LAST2\MENTORII\WIN32\RELEASE\INTEGRALS_GENERATORHELPER.OBJ
C:\USERS\ATOM\DESKTOP\FOLDER(4)\MENTORII.LAST\MENTOR\MENTORII.LAST2\MENTORII\WIN32\RELEASE\LIMITS_GENERATORHELPER.OBJ
C:\USERS\ATOM\DESKTOP\FOLDER(4)\MENTORII.LAST\MENTOR\MENTORII.LAST2\MENTORII\WIN32\RELEASE\M_EXPRESSIONS.OBJ
C:\USERS\ATOM\DESKTOP\FOLDER(4)\MENTORII.LAST\MENTOR\MENTORII.LAST2\MENTORII\WIN32\RELEASE\MAINWINDOW.OBJ
C:\USERS\ATOM\DESKTOP\FOLDER(4)\MENTORII.LAST\MENTOR\MENTORII.LAST2\MENTORII\WIN32\RELEASE\QUIZCELL.OBJ
C:\USERS\ATOM\DESKTOP\FOLDER(4)\MENTORII.LAST\MENTOR\MENTORII.LAST2\MENTORII\WIN32\RELEASE\QUIZGROUP_QUIZCELL.OBJ
C:\USERS\ATOM\DESKTOP\FOLDER(4)\MENTORII.LAST\MENTOR\MENTORII.LAST2\MENTORII\WIN32\RELEASE\QUIZGROUPFILTER.OBJ
C:\USERS\ATOM\DESKTOP\FOLDER(4)\MENTORII.LAST\MENTOR\MENTORII.LAST2\MENTORII\WIN32\RELEASE\QUIZQUESTION_XMLQUIZFILE_STRUCTURE_HELPER.OBJ
C:\USERS\ATOM\DESKTOP\FOLDER(4)\MENTORII.LAST\MENTOR\MENTORII.LAST2\MENTORII\WIN32\RELEASE\QUIZVIEWERHELPER.OBJ
C:\USERS\ATOM\DESKTOP\FOLDER(4)\MENTORII.LAST\MENTOR\MENTORII.LAST2\MENTORII\WIN32\RELEASE\TASK2QUIZ.OBJ
C:\USERS\ATOM\DESKTOP\FOLDER(4)\MENTORII.LAST\MENTOR\MENTORII.LAST2\MENTORII\WIN32\RELEASE\TASKGROUP_TASKCELL.OBJ
C:\USERS\ATOM\DESKTOP\FOLDER(4)\MENTORII.LAST\MENTOR\MENTORII.LAST2\MENTORII\WIN32\RELEASE\TASKGROUPTOQUIZ.OBJ
C:\USERS\ATOM\DESKTOP\FOLDER(4)\MENTORII.LAST\MENTOR\MENTORII.LAST2\MENTORII\WIN32\RELEASE\TASKMTRTABLE_TASKVIEW.OBJ
C:\USERS\ATOM\DESKTOP\FOLDER(4)\MENTORII.LAST\MENTOR\MENTORII.LAST2\MENTORII\WIN32\RELEASE\TASKQUESTION_TASKVIEW.OBJ
C:\USERS\ATOM\DESKTOP\FOLDER(4)\MENTORII.LAST\MENTOR\MENTORII.LAST2\MENTORII\WIN32\RELEASE\TASKTREE.OBJ
C:\USERS\ATOM\DESKTOP\FOLDER(4)\MENTORII.LAST\MENTOR\MENTORII.LAST2\MENTORII\WIN32\RELEASE\TXTTOBMP.OBJ
C:\USERS\ATOM\DESKTOP\FOLDER(4)\MENTORII.LAST\MENTOR\MENTORII.LAST2\MENTORII\WIN32\RELEASE\MOC_DLGNEWGROUP.OBJ
C:\USERS\ATOM\DESKTOP\FOLDER(4)\MENTORII.LAST\MENTOR\MENTORII.LAST2\MENTORII\WIN32\RELEASE\MOC_DLGVARIANTS.OBJ
C:\USERS\ATOM\DESKTOP\FOLDER(4)\MENTORII.LAST\MENTOR\MENTORII.LAST2\MENTORII\WIN32\RELEASE\MOC_QUIZGROUP_QUIZCELL.OBJ
C:\USERS\ATOM\DESKTOP\FOLDER(4)\MENTORII.LAST\MENTOR\MENTORII.LAST2\MENTORII\WIN32\RELEASE\MOC_QUIZNODEVIEW.OBJ
C:\USERS\ATOM\DESKTOP\FOLDER(4)\MENTORII.LAST\MENTOR\MENTORII.LAST2\MENTORII\WIN32\RELEASE\MOC_TASKCELL.OBJ
C:\USERS\ATOM\DESKTOP\FOLDER(4)\MENTORII.LAST\MENTOR\MENTORII.LAST2\MENTORII\WIN32\RELEASE\MOC_TASKMTRTABLE_TASKVIEW.OBJ
C:\USERS\ATOM\DESKTOP\FOLDER(4)\MENTORII.LAST\MENTOR\MENTORII.LAST2\MENTORII\WIN32\RELEASE\CHAIN.OBJ
C:\USERS\ATOM\DESKTOP\FOLDER(4)\MENTORII.LAST\MENTOR\MENTORII.LAST2\MENTORII\WIN32\RELEASE\DLGABOUT.OBJ
C:\USERS\ATOM\DESKTOP\FOLDER(4)\MENTORII.LAST\MENTOR\MENTORII.LAST2\MENTORII\WIN32\RELEASE\DLGVARIANT.OBJ
C:\USERS\ATOM\DESKTOP\FOLDER(4)\MENTORII.LAST\MENTOR\MENTORII.LAST2\MENTORII\WIN32\RELEASE\GENERATORHELPER.OBJ
C:\USERS\ATOM\DESKTOP\FOLDER(4)\MENTORII.LAST\MENTOR\MENTORII.LAST2\MENTORII\WIN32\RELEASE\INTEGRALS_GENERATEDQUESTION.OBJ
C:\USERS\ATOM\DESKTOP\FOLDER(4)\MENTORII.LAST\MENTOR\MENTORII.LAST2\MENTORII\WIN32\RELEASE\LEGACY_HELPERS.OBJ
C:\USERS\ATOM\DESKTOP\FOLDER(4)\MENTORII.LAST\MENTOR\MENTORII.LAST2\MENTORII\WIN32\RELEASE\M_DERIV.OBJ
C:\USERS\ATOM\DESKTOP\FOLDER(4)\MENTORII.LAST\MENTOR\MENTORII.LAST2\MENTORII\WIN32\RELEASE\PRINTSCRIPTRENDERER.OBJ
C:\USERS\ATOM\DESKTOP\FOLDER(4)\MENTORII.LAST\MENTOR\MENTORII.LAST2\MENTORII\WIN32\RELEASE\QUIZ_DLGPROPERTIES.OBJ
C:\USERS\ATOM\DESKTOP\FOLDER(4)\MENTORII.LAST\MENTOR\MENTORII.LAST2\MENTORII\WIN32\RELEASE\QUIZGROUP.OBJ
C:\USERS\ATOM\DESKTOP\FOLDER(4)\MENTORII.LAST\MENTOR\MENTORII.LAST2\MENTORII\WIN32\RELEASE\QUIZGROUP_QUIZVIEWERHELPER.OBJ
C:\USERS\ATOM\DESKTOP\FOLDER(4)\MENTORII.LAST\MENTOR\MENTORII.LAST2\MENTORII\WIN32\RELEASE\QUIZNODE.OBJ
C:\USERS\ATOM\DESKTOP\FOLDER(4)\MENTORII.LAST\MENTOR\MENTORII.LAST2\MENTORII\WIN32\RELEASE\QUIZQUESTION.OBJ
C:\USERS\ATOM\DESKTOP\FOLDER(4)\MENTORII.LAST\MENTOR\MENTORII.LAST2\MENTORII\WIN32\RELEASE\QUIZVIEWER.OBJ
C:\USERS\ATOM\DESKTOP\FOLDER(4)\MENTORII.LAST\MENTOR\MENTORII.LAST2\MENTORII\WIN32\RELEASE\SCRIPTRENDERER.OBJ
C:\USERS\ATOM\DESKTOP\FOLDER(4)\MENTORII.LAST\MENTOR\MENTORII.LAST2\MENTORII\WIN32\RELEASE\TASKGROUP.OBJ
C:\USERS\ATOM\DESKTOP\FOLDER(4)\MENTORII.LAST\MENTOR\MENTORII.LAST2\MENTORII\WIN32\RELEASE\TASKGROUP_TASKVIEWERHELPER.OBJ
C:\USERS\ATOM\DESKTOP\FOLDER(4)\MENTORII.LAST\MENTOR\MENTORII.LAST2\MENTORII\WIN32\RELEASE\TASKLOADERHELPER.OBJ
C:\USERS\ATOM\DESKTOP\FOLDER(4)\MENTORII.LAST\MENTOR\MENTORII.LAST2\MENTORII\WIN32\RELEASE\TASKMTRTABLE_TASKCELL.OBJ
C:\USERS\ATOM\DESKTOP\FOLDER(4)\MENTORII.LAST\MENTOR\MENTORII.LAST2\MENTORII\WIN32\RELEASE\TASKMTRTABLETOQUIZ.OBJ
C:\USERS\ATOM\DESKTOP\FOLDER(4)\MENTORII.LAST\MENTOR\MENTORII.LAST2\MENTORII\WIN32\RELEASE\TASKQUESTION_TASKLOADERHELPER.OBJ
C:\USERS\ATOM\DESKTOP\FOLDER(4)\MENTORII.LAST\MENTOR\MENTORII.LAST2\MENTORII\WIN32\RELEASE\TASKTOQUIZHELPER.OBJ
C:\USERS\ATOM\DESKTOP\FOLDER(4)\MENTORII.LAST\MENTOR\MENTORII.LAST2\MENTORII\WIN32\RELEASE\TASKVIEWERHELPER.OBJ
C:\USERS\ATOM\DESKTOP\FOLDER(4)\MENTORII.LAST\MENTOR\MENTORII.LAST2\MENTORII\WIN32\RELEASE\XMLQUIZFILE.OBJ
C:\USERS\ATOM\DESKTOP\FOLDER(4)\MENTORII.LAST\MENTOR\MENTORII.LAST2\MENTORII\WIN32\RELEASE\XMLQUIZFILE_STRUCTURE.OBJ
C:\USERS\ATOM\DESKTOP\FOLDER(4)\MENTORII.LAST\MENTOR\MENTORII.LAST2\MENTORII\WIN32\RELEASE\MOC_DLGABOUT.OBJ
C:\USERS\ATOM\DESKTOP\FOLDER(4)\MENTORII.LAST\MENTOR\MENTORII.LAST2\MENTORII\WIN32\RELEASE\MOC_DLGTESTGENPROGRESS.OBJ
C:\USERS\ATOM\DESKTOP\FOLDER(4)\MENTORII.LAST\MENTOR\MENTORII.LAST2\MENTORII\WIN32\RELEASE\MOC_QUIZCELL.OBJ
C:\USERS\ATOM\DESKTOP\FOLDER(4)\MENTORII.LAST\MENTOR\MENTORII.LAST2\MENTORII\WIN32\RELEASE\MOC_QUIZNODE.OBJ
C:\USERS\ATOM\DESKTOP\FOLDER(4)\MENTORII.LAST\MENTOR\MENTORII.LAST2\MENTORII\WIN32\RELEASE\MOC_QUIZ_DLGPROPERTIES.OBJ
C:\USERS\ATOM\DESKTOP\FOLDER(4)\MENTORII.LAST\MENTOR\MENTORII.LAST2\MENTORII\WIN32\RELEASE\MOC_TASKMTRTABLE_TASKCELL.OBJ
C:\USERS\ATOM\DESKTOP\FOLDER(4)\MENTORII.LAST\MENTOR\MENTORII.LAST2\MENTORII\WIN32\RELEASE\MOC_TASKVIEW.OBJ
C:\USERS\ATOM\DESKTOP\FOLDER(4)\MENTORII.LAST\MENTOR\MENTORII.LAST2\MENTORII\WIN32\RELEASE\DERIVS_GENERATORHELPER.OBJ
C:\USERS\ATOM\DESKTOP\FOLDER(4)\MENTORII.LAST\MENTOR\MENTORII.LAST2\MENTORII\WIN32\RELEASE\DLGNEWGROUP.OBJ
C:\USERS\ATOM\DESKTOP\FOLDER(4)\MENTORII.LAST\MENTOR\MENTORII.LAST2\MENTORII\WIN32\RELEASE\DLGVARIANTS.OBJ
C:\USERS\ATOM\DESKTOP\FOLDER(4)\MENTORII.LAST\MENTOR\MENTORII.LAST2\MENTORII\WIN32\RELEASE\INTEGRALS_SCRIPTRENDERERHELPER.OBJ
C:\USERS\ATOM\DESKTOP\FOLDER(4)\MENTORII.LAST\MENTOR\MENTORII.LAST2\MENTORII\WIN32\RELEASE\LIMITS_SCRIPTRENDERERHELPER.OBJ
C:\USERS\ATOM\DESKTOP\FOLDER(4)\MENTORII.LAST\MENTOR\MENTORII.LAST2\MENTORII\WIN32\RELEASE\M_DERIV_02.OBJ
C:\USERS\ATOM\DESKTOP\FOLDER(4)\MENTORII.LAST\MENTOR\MENTORII.LAST2\MENTORII\WIN32\RELEASE\M_INTEG0XXB.OBJ
C:\USERS\ATOM\DESKTOP\FOLDER(4)\MENTORII.LAST\MENTOR\MENTORII.LAST2\MENTORII\WIN32\RELEASE\M_INTEG2.OBJ
C:\USERS\ATOM\DESKTOP\FOLDER(4)\MENTORII.LAST\MENTOR\MENTORII.LAST2\MENTORII\WIN32\RELEASE\M_INTEG_A02.OBJ
C:\USERS\ATOM\DESKTOP\FOLDER(4)\MENTORII.LAST\MENTOR\MENTORII.LAST2\MENTORII\WIN32\RELEASE\M_LIMITS.OBJ
C:\USERS\ATOM\DESKTOP\FOLDER(4)\MENTORII.LAST\MENTOR\MENTORII.LAST2\MENTORII\WIN32\RELEASE\QUIZ.OBJ
C:\USERS\ATOM\DESKTOP\FOLDER(4)\MENTORII.LAST\MENTOR\MENTORII.LAST2\MENTORII\WIN32\RELEASE\QUIZFILE.OBJ
C:\USERS\ATOM\DESKTOP\FOLDER(4)\MENTORII.LAST\MENTOR\MENTORII.LAST2\MENTORII\WIN32\RELEASE\QUIZGROUP_DLGPROPERTIES.OBJ
C:\USERS\ATOM\DESKTOP\FOLDER(4)\MENTORII.LAST\MENTOR\MENTORII.LAST2\MENTORII\WIN32\RELEASE\QUIZGROUP_XMLQUIZFILE_STRUCTURE_HELPER.OBJ
C:\USERS\ATOM\DESKTOP\FOLDER(4)\MENTORII.LAST\MENTOR\MENTORII.LAST2\MENTORII\WIN32\RELEASE\QUIZQUESTION_QUIZCELL.OBJ
C:\USERS\ATOM\DESKTOP\FOLDER(4)\MENTORII.LAST\MENTOR\MENTORII.LAST2\MENTORII\WIN32\RELEASE\QUIZVIEW.OBJ
C:\USERS\ATOM\DESKTOP\FOLDER(4)\MENTORII.LAST\MENTOR\MENTORII.LAST2\MENTORII\WIN32\RELEASE\SCRIPTRENDERERHELPER.OBJ
C:\USERS\ATOM\DESKTOP\FOLDER(4)\MENTORII.LAST\MENTOR\MENTORII.LAST2\MENTORII\WIN32\RELEASE\TASKCELL.OBJ
C:\USERS\ATOM\DESKTOP\FOLDER(4)\MENTORII.LAST\MENTOR\MENTORII.LAST2\MENTORII\WIN32\RELEASE\TASKGROUP_TASKVIEW.OBJ
C:\USERS\ATOM\DESKTOP\FOLDER(4)\MENTORII.LAST\MENTOR\MENTORII.LAST2\MENTORII\WIN32\RELEASE\TASKMTRTABLE.OBJ
C:\USERS\ATOM\DESKTOP\FOLDER(4)\MENTORII.LAST\MENTOR\MENTORII.LAST2\MENTORII\WIN32\RELEASE\TASKMTRTABLE_TASKVIEWERHELPER.OBJ
C:\USERS\ATOM\DESKTOP\FOLDER(4)\MENTORII.LAST\MENTOR\MENTORII.LAST2\MENTORII\WIN32\RELEASE\TASKNODE.OBJ
C:\USERS\ATOM\DESKTOP\FOLDER(4)\MENTORII.LAST\MENTOR\MENTORII.LAST2\MENTORII\WIN32\RELEASE\TASKQUESTION_TASKCELL.OBJ
C:\USERS\ATOM\DESKTOP\FOLDER(4)\MENTORII.LAST\MENTOR\MENTORII.LAST2\MENTORII\WIN32\RELEASE\TASKQUESTIONTOQUIZ.OBJ
C:\USERS\ATOM\DESKTOP\FOLDER(4)\MENTORII.LAST\MENTOR\MENTORII.LAST2\MENTORII\WIN32\RELEASE\TASKVIEWER.OBJ
C:\USERS\ATOM\DESKTOP\FOLDER(4)\MENTORII.LAST\MENTOR\MENTORII.LAST2\MENTORII\WIN32\RELEASE\UTILS.OBJ
C:\USERS\ATOM\DESKTOP\FOLDER(4)\MENTORII.LAST\MENTOR\MENTORII.LAST2\MENTORII\WIN32\RELEASE\XMLQUIZFILE_QUIZGROUPFILTER.OBJ
C:\USERS\ATOM\DESKTOP\FOLDER(4)\MENTORII.LAST\MENTOR\MENTORII.LAST2\MENTORII\WIN32\RELEASE\QRC_R.OBJ
C:\USERS\ATOM\DESKTOP\FOLDER(4)\MENTORII.LAST\MENTOR\MENTORII.LAST2\MENTORII\WIN32\RELEASE\VC110.PDB
C:\USERS\ATOM\DESKTOP\FOLDER(4)\MENTORII.LAST\MENTOR\MENTORII.LAST2\MENTORII\RELEASE\MOC_DLGABOUT.CPP
C:\USERS\ATOM\DESKTOP\FOLDER(4)\MENTORII.LAST\MENTOR\MENTORII.LAST2\MENTORII\RELEASE\MOC_DLGADDQUESTIONS.CPP
C:\USERS\ATOM\DESKTOP\FOLDER(4)\MENTORII.LAST\MENTOR\MENTORII.LAST2\MENTORII\RELEASE\MOC_DLGNEWGROUP.CPP
C:\USERS\ATOM\DESKTOP\FOLDER(4)\MENTORII.LAST\MENTOR\MENTORII.LAST2\MENTORII\RELEASE\MOC_DLGTESTGENPROGRESS.CPP
C:\USERS\ATOM\DESKTOP\FOLDER(4)\MENTORII.LAST\MENTOR\MENTORII.LAST2\MENTORII\RELEASE\MOC_DLGVARIANT.CPP
C:\USERS\ATOM\DESKTOP\FOLDER(4)\MENTORII.LAST\MENTOR\MENTORII.LAST2\MENTORII\RELEASE\MOC_DLGVARIANTS.CPP
C:\USERS\ATOM\DESKTOP\FOLDER(4)\MENTORII.LAST\MENTOR\MENTORII.LAST2\MENTORII\RELEASE\MOC_MAINWINDOW.CPP
C:\USERS\ATOM\DESKTOP\FOLDER(4)\MENTORII.LAST\MENTOR\MENTORII.LAST2\MENTORII\RELEASE\MOC_QUIZ_DLGPROPERTIES.CPP
C:\USERS\ATOM\DESKTOP\FOLDER(4)\MENTORII.LAST\MENTOR\MENTORII.LAST2\MENTORII\RELEASE\MOC_QUIZCELL.CPP
C:\USERS\ATOM\DESKTOP\FOLDER(4)\MENTORII.LAST\MENTOR\MENTORII.LAST2\MENTORII\RELEASE\MOC_QUIZGROUP_DLGPROPERTIES.CPP
C:\USERS\ATOM\DESKTOP\FOLDER(4)\MENTORII.LAST\MENTOR\MENTORII.LAST2\MENTORII\RELEASE\MOC_QUIZGROUP_QUIZCELL.CPP
C:\USERS\ATOM\DESKTOP\FOLDER(4)\MENTORII.LAST\MENTOR\MENTORII.LAST2\MENTORII\RELEASE\MOC_QUIZGROUP_QUIZNODEVIEW.CPP
C:\USERS\ATOM\DESKTOP\FOLDER(4)\MENTORII.LAST\MENTOR\MENTORII.LAST2\MENTORII\RELEASE\MOC_QUIZNODE.CPP
C:\USERS\ATOM\DESKTOP\FOLDER(4)\MENTORII.LAST\MENTOR\MENTORII.LAST2\MENTORII\RELEASE\MOC_QUIZNODEVIEW.CPP
C:\USERS\ATOM\DESKTOP\FOLDER(4)\MENTORII.LAST\MENTOR\MENTORII.LAST2\MENTORII\RELEASE\MOC_QUIZQUESTION_QUIZCELL.CPP
C:\USERS\ATOM\DESKTOP\FOLDER(4)\MENTORII.LAST\MENTOR\MENTORII.LAST2\MENTORII\RELEASE\MOC_QUIZVIEW.CPP
C:\USERS\ATOM\DESKTOP\FOLDER(4)\MENTORII.LAST\MENTOR\MENTORII.LAST2\MENTORII\RELEASE\MOC_TASKCELL.CPP
C:\USERS\ATOM\DESKTOP\FOLDER(4)\MENTORII.LAST\MENTOR\MENTORII.LAST2\MENTORII\RELEASE\MOC_TASKGROUP_TASKCELL.CPP
C:\USERS\ATOM\DESKTOP\FOLDER(4)\MENTORII.LAST\MENTOR\MENTORII.LAST2\MENTORII\RELEASE\MOC_TASKGROUP_TASKVIEW.CPP
C:\USERS\ATOM\DESKTOP\FOLDER(4)\MENTORII.LAST\MENTOR\MENTORII.LAST2\MENTORII\RELEASE\MOC_TASKMTRTABLE_TASKCELL.CPP
C:\USERS\ATOM\DESKTOP\FOLDER(4)\MENTORII.LAST\MENTOR\MENTORII.LAST2\MENTORII\RELEASE\MOC_TASKMTRTABLE_TASKVIEW.CPP
C:\USERS\ATOM\DESKTOP\FOLDER(4)\MENTORII.LAST\MENTOR\MENTORII.LAST2\MENTORII\RELEASE\MOC_TASKQUESTION_TASKCELL.CPP
C:\USERS\ATOM\DESKTOP\FOLDER(4)\MENTORII.LAST\MENTOR\MENTORII.LAST2\MENTORII\RELEASE\MOC_TASKQUESTION_TASKVIEW.CPP
C:\USERS\ATOM\DESKTOP\FOLDER(4)\MENTORII.LAST\MENTOR\MENTORII.LAST2\MENTORII\RELEASE\MOC_TASKVIEW.CPP
C:\USERS\ATOM\DESKTOP\FOLDER(4)\MENTORII.LAST\MENTOR\MENTORII.LAST2\MENTORII\GENERATEDFILES\UI_DLGABOUT.H
C:\USERS\ATOM\DESKTOP\FOLDER(4)\MENTORII.LAST\MENTOR\MENTORII.LAST2\MENTORII\GENERATEDFILES\UI_DLGADDQUESTIONS.H
C:\USERS\ATOM\DESKTOP\FOLDER(4)\MENTORII.LAST\MENTOR\MENTORII.LAST2\MENTORII\GENERATEDFILES\UI_DLGNEWGROUP.H
C:\USERS\ATOM\DESKTOP\FOLDER(4)\MENTORII.LAST\MENTOR\MENTORII.LAST2\MENTORII\GENERATEDFILES\UI_DLGTESTGENPROGRESS.H
C:\USERS\ATOM\DESKTOP\FOLDER(4)\MENTORII.LAST\MENTOR\MENTORII.LAST2\MENTORII\GENERATEDFILES\UI_DLGVARIANT.H
C:\USERS\ATOM\DESKTOP\FOLDER(4)\MENTORII.LAST\MENTOR\MENTORII.LAST2\MENTORII\GENERATEDFILES\UI_DLGVARIANTS.H
C:\USERS\ATOM\DESKTOP\FOLDER(4)\MENTORII.LAST\MENTOR\MENTORII.LAST2\MENTORII\GENERATEDFILES\UI_MAINWINDOW.H
C:\USERS\ATOM\DESKTOP\FOLDER(4)\MENTORII.LAST\MENTOR\MENTORII.LAST2\MENTORII\GENERATEDFILES\UI_QUIZ_DLGPROPERTIES.H
C:\USERS\ATOM\DESKTOP\FOLDER(4)\MENTORII.LAST\MENTOR\MENTORII.LAST2\MENTORII\GENERATEDFILES\UI_QUIZGROUP_DLGPROPERTIES.H
C:\USERS\ATOM\DESKTOP\FOLDER(4)\MENTORII.LAST\MENTOR\MENTORII.LAST2\MENTORII\GENERATEDFILES\UI_QUIZGROUP_QUIZCELL.H
C:\USERS\ATOM\DESKTOP\FOLDER(4)\MENTORII.LAST\MENTOR\MENTORII.LAST2\MENTORII\GENERATEDFILES\UI_QUIZGROUP_QUIZNODEVIEW.H
C:\USERS\ATOM\DESKTOP\FOLDER(4)\MENTORII.LAST\MENTOR\MENTORII.LAST2\MENTORII\GENERATEDFILES\UI_QUIZQUESTION_QUIZCELL.H
C:\USERS\ATOM\DESKTOP\FOLDER(4)\MENTORII.LAST\MENTOR\MENTORII.LAST2\MENTORII\GENERATEDFILES\UI_QUIZVIEW.H
C:\USERS\ATOM\DESKTOP\FOLDER(4)\MENTORII.LAST\MENTOR\MENTORII.LAST2\MENTORII\GENERATEDFILES\UI_TASKGROUP_TASKCELL.H
C:\USERS\ATOM\DESKTOP\FOLDER(4)\MENTORII.LAST\MENTOR\MENTORII.LAST2\MENTORII\GENERATEDFILES\UI_TASKGROUP_TASKVIEW.H
C:\USERS\ATOM\DESKTOP\FOLDER(4)\MENTORII.LAST\MENTOR\MENTORII.LAST2\MENTORII\GENERATEDFILES\UI_TASKMTRTABLE_TASKCELL.H
C:\USERS\ATOM\DESKTOP\FOLDER(4)\MENTORII.LAST\MENTOR\MENTORII.LAST2\MENTORII\GENERATEDFILES\UI_TASKMTRTABLE_TASKVIEW.H
C:\USERS\ATOM\DESKTOP\FOLDER(4)\MENTORII.LAST\MENTOR\MENTORII.LAST2\MENTORII\GENERATEDFILES\UI_TASKQUESTION_TASKCELL.H
C:\USERS\ATOM\DESKTOP\FOLDER(4)\MENTORII.LAST\MENTOR\MENTORII.LAST2\MENTORII\GENERATEDFILES\UI_TASKQUESTION_TASKVIEW.H
C:\USERS\ATOM\DESKTOP\FOLDER(4)\MENTORII.LAST\MENTOR\MENTORII.LAST2\MENTORII\GENERATEDFILES\QRC_R.CPP
C:\USERS\ATOM\DESKTOP\FOLDER(4)\MENTORII.LAST\MENTOR\MENTORII.LAST2\MENTORII\RELEASE\MENTORII.EXE
D:\folder(4)\MentorII.last\mentor\MentorII.last2\MentorII\Win32\Release\chain.obj
D:\folder(4)\MentorII.last\mentor\MentorII.last2\MentorII\Win32\Release\convert_to_tex.obj
D:\folder(4)\MentorII.last\mentor\MentorII.last2\MentorII\Win32\Release\derivs_generatedquestion.obj
D:\folder(4)\MentorII.last\mentor\MentorII.last2\MentorII\Win32\Release\derivs_generatorhelper.obj
D:\folder(4)\MentorII.last\mentor\MentorII.last2\MentorII\Win32\Release\derivs_scriptrendererhelper.obj
D:\folder(4)\MentorII.last\mentor\MentorII.last2\MentorII\Win32\Release\dlgabout.obj
D:\folder(4)\MentorII.last\mentor\MentorII.last2\MentorII\Win32\Release\dlgaddquestions.obj
D:\folder(4)\MentorII.last\mentor\MentorII.last2\MentorII\Win32\Release\dlgnewgroup.obj
D:\folder(4)\MentorII.last\mentor\MentorII.last2\MentorII\Win32\Release\dlgtestgenprogress.obj
D:\folder(4)\MentorII.last\mentor\MentorII.last2\MentorII\Win32\Release\dlgvariant.obj
D:\folder(4)\MentorII.last\mentor\MentorII.last2\MentorII\Win32\Release\dlgvariants.obj
D:\folder(4)\MentorII.last\mentor\MentorII.last2\MentorII\Win32\Release\generatedquestion.obj
D:\folder(4)\MentorII.last\mentor\MentorII.last2\MentorII\Win32\Release\generator.obj
D:\folder(4)\MentorII.last\mentor\MentorII.last2\MentorII\Win32\Release\generatorhelper.obj
D:\folder(4)\MentorII.last\mentor\MentorII.last2\MentorII\Win32\Release\imagerenderer.obj
D:\folder(4)\MentorII.last\mentor\MentorII.last2\MentorII\Win32\Release\integrals_generatedquestion.obj
D:\folder(4)\MentorII.last\mentor\MentorII.last2\MentorII\Win32\Release\integrals_generatorhelper.obj
D:\folder(4)\MentorII.last\mentor\MentorII.last2\MentorII\Win32\Release\integrals_scriptrendererhelper.obj
D:\folder(4)\MentorII.last\mentor\MentorII.last2\MentorII\Win32\Release\legacy_helpers.obj
D:\folder(4)\MentorII.last\mentor\MentorII.last2\MentorII\Win32\Release\limits_generatedquestion.obj
D:\folder(4)\MentorII.last\mentor\MentorII.last2\MentorII\Win32\Release\limits_generatorhelper.obj
D:\folder(4)\MentorII.last\mentor\MentorII.last2\MentorII\Win32\Release\limits_scriptrendererhelper.obj
D:\folder(4)\MentorII.last\mentor\MentorII.last2\MentorII\Win32\Release\main.obj
D:\folder(4)\MentorII.last\mentor\MentorII.last2\MentorII\Win32\Release\mainwindow.obj
D:\folder(4)\MentorII.last\mentor\MentorII.last2\MentorII\Win32\Release\moc_dlgabout.obj
D:\folder(4)\MentorII.last\mentor\MentorII.last2\MentorII\Win32\Release\moc_dlgaddquestions.obj
D:\folder(4)\MentorII.last\mentor\MentorII.last2\MentorII\Win32\Release\moc_dlgnewgroup.obj
D:\folder(4)\MentorII.last\mentor\MentorII.last2\MentorII\Win32\Release\moc_dlgtestgenprogress.obj
D:\folder(4)\MentorII.last\mentor\MentorII.last2\MentorII\Win32\Release\moc_dlgvariant.obj
D:\folder(4)\MentorII.last\mentor\MentorII.last2\MentorII\Win32\Release\moc_dlgvariants.obj
D:\folder(4)\MentorII.last\mentor\MentorII.last2\MentorII\Win32\Release\moc_mainwindow.obj
D:\folder(4)\MentorII.last\mentor\MentorII.last2\MentorII\Win32\Release\moc_quizcell.obj
D:\folder(4)\MentorII.last\mentor\MentorII.last2\MentorII\Win32\Release\moc_quizgroup_dlgproperties.obj
D:\folder(4)\MentorII.last\mentor\MentorII.last2\MentorII\Win32\Release\moc_quizgroup_quizcell.obj
D:\folder(4)\MentorII.last\mentor\MentorII.last2\MentorII\Win32\Release\moc_quizgroup_quiznodeview.obj
D:\folder(4)\MentorII.last\mentor\MentorII.last2\MentorII\Win32\Release\moc_quiznode.obj
D:\folder(4)\MentorII.last\mentor\MentorII.last2\MentorII\Win32\Release\moc_quiznodeview.obj
D:\folder(4)\MentorII.last\mentor\MentorII.last2\MentorII\Win32\Release\moc_quizquestion_quizcell.obj
D:\folder(4)\MentorII.last\mentor\MentorII.last2\MentorII\Win32\Release\moc_quizview.obj
D:\folder(4)\MentorII.last\mentor\MentorII.last2\MentorII\Win32\Release\moc_quiz_dlgproperties.obj
D:\folder(4)\MentorII.last\mentor\MentorII.last2\MentorII\Win32\Release\moc_taskcell.obj
D:\folder(4)\MentorII.last\mentor\MentorII.last2\MentorII\Win32\Release\moc_taskgroup_taskcell.obj
D:\folder(4)\MentorII.last\mentor\MentorII.last2\MentorII\Win32\Release\moc_taskgroup_taskview.obj
D:\folder(4)\MentorII.last\mentor\MentorII.last2\MentorII\Win32\Release\moc_taskmtrtable_taskcell.obj
D:\folder(4)\MentorII.last\mentor\MentorII.last2\MentorII\Win32\Release\moc_taskmtrtable_taskview.obj
D:\folder(4)\MentorII.last\mentor\MentorII.last2\MentorII\Win32\Release\moc_taskquestion_taskcell.obj
D:\folder(4)\MentorII.last\mentor\MentorII.last2\MentorII\Win32\Release\moc_taskquestion_taskview.obj
D:\folder(4)\MentorII.last\mentor\MentorII.last2\MentorII\Win32\Release\moc_taskview.obj
D:\folder(4)\MentorII.last\mentor\MentorII.last2\MentorII\Win32\Release\m_deriv.obj
D:\folder(4)\MentorII.last\mentor\MentorII.last2\MentorII\Win32\Release\m_deriv_01.obj
D:\folder(4)\MentorII.last\mentor\MentorII.last2\MentorII\Win32\Release\m_deriv_02.obj
D:\folder(4)\MentorII.last\mentor\MentorII.last2\MentorII\Win32\Release\m_expressions.obj
D:\folder(4)\MentorII.last\mentor\MentorII.last2\MentorII\Win32\Release\m_integ.obj
D:\folder(4)\MentorII.last\mentor\MentorII.last2\MentorII\Win32\Release\m_integ0xxb.obj
D:\folder(4)\MentorII.last\mentor\MentorII.last2\MentorII\Win32\Release\m_integ2.obj
D:\folder(4)\MentorII.last\mentor\MentorII.last2\MentorII\Win32\Release\m_integ_a01.obj
D:\folder(4)\MentorII.last\mentor\MentorII.last2\MentorII\Win32\Release\m_integ_a02.obj
D:\folder(4)\MentorII.last\mentor\MentorII.last2\MentorII\Win32\Release\m_integ_a03.obj
D:\folder(4)\MentorII.last\mentor\MentorII.last2\MentorII\Win32\Release\m_limits.obj
D:\folder(4)\MentorII.last\mentor\MentorII.last2\MentorII\Win32\Release\printscriptrenderer.obj
D:\folder(4)\MentorII.last\mentor\MentorII.last2\MentorII\Win32\Release\qrc_r.obj
D:\folder(4)\MentorII.last\mentor\MentorII.last2\MentorII\Win32\Release\quiz.obj
D:\folder(4)\MentorII.last\mentor\MentorII.last2\MentorII\Win32\Release\quizadapter.obj
D:\folder(4)\MentorII.last\mentor\MentorII.last2\MentorII\Win32\Release\quizcell.obj
D:\folder(4)\MentorII.last\mentor\MentorII.last2\MentorII\Win32\Release\quizfile.obj
D:\folder(4)\MentorII.last\mentor\MentorII.last2\MentorII\Win32\Release\quizfilter.obj
D:\folder(4)\MentorII.last\mentor\MentorII.last2\MentorII\Win32\Release\quizgroup.obj
D:\folder(4)\MentorII.last\mentor\MentorII.last2\MentorII\Win32\Release\quizgroupfilter.obj
D:\folder(4)\MentorII.last\mentor\MentorII.last2\MentorII\Win32\Release\quizgroup_dlgproperties.obj
D:\folder(4)\MentorII.last\mentor\MentorII.last2\MentorII\Win32\Release\quizgroup_quizcell.obj
D:\folder(4)\MentorII.last\mentor\MentorII.last2\MentorII\Win32\Release\quizgroup_quiznodeview.obj
D:\folder(4)\MentorII.last\mentor\MentorII.last2\MentorII\Win32\Release\quizgroup_quizviewerhelper.obj
D:\folder(4)\MentorII.last\mentor\MentorII.last2\MentorII\Win32\Release\quizgroup_xmlquizfile_structure_helper.obj
D:\folder(4)\MentorII.last\mentor\MentorII.last2\MentorII\Win32\Release\quiznode.obj
D:\folder(4)\MentorII.last\mentor\MentorII.last2\MentorII\Win32\Release\quiznodeview.obj
D:\folder(4)\MentorII.last\mentor\MentorII.last2\MentorII\Win32\Release\quizquestion.obj
D:\folder(4)\MentorII.last\mentor\MentorII.last2\MentorII\Win32\Release\quizquestion_quizcell.obj
D:\folder(4)\MentorII.last\mentor\MentorII.last2\MentorII\Win32\Release\quizquestion_xmlquizfile_structure_helper.obj
D:\folder(4)\MentorII.last\mentor\MentorII.last2\MentorII\Win32\Release\quizvariant.obj
D:\folder(4)\MentorII.last\mentor\MentorII.last2\MentorII\Win32\Release\quizview.obj
D:\folder(4)\MentorII.last\mentor\MentorII.last2\MentorII\Win32\Release\quizviewer.obj
D:\folder(4)\MentorII.last\mentor\MentorII.last2\MentorII\Win32\Release\quizviewerhelper.obj
D:\folder(4)\MentorII.last\mentor\MentorII.last2\MentorII\Win32\Release\quiz_dlgproperties.obj
D:\folder(4)\MentorII.last\mentor\MentorII.last2\MentorII\Win32\Release\random_quizgroupfilter.obj
D:\folder(4)\MentorII.last\mentor\MentorII.last2\MentorII\Win32\Release\scriptrenderer.obj
D:\folder(4)\MentorII.last\mentor\MentorII.last2\MentorII\Win32\Release\scriptrendererhelper.obj
D:\folder(4)\MentorII.last\mentor\MentorII.last2\MentorII\Win32\Release\shuffle_quizgroupfilter.obj
D:\folder(4)\MentorII.last\mentor\MentorII.last2\MentorII\Win32\Release\task2quiz.obj
D:\folder(4)\MentorII.last\mentor\MentorII.last2\MentorII\Win32\Release\taskcell.obj
D:\folder(4)\MentorII.last\mentor\MentorII.last2\MentorII\Win32\Release\taskgroup.obj
D:\folder(4)\MentorII.last\mentor\MentorII.last2\MentorII\Win32\Release\taskgrouptoquiz.obj
D:\folder(4)\MentorII.last\mentor\MentorII.last2\MentorII\Win32\Release\taskgroup_taskcell.obj
D:\folder(4)\MentorII.last\mentor\MentorII.last2\MentorII\Win32\Release\taskgroup_taskloaderhelper.obj
D:\folder(4)\MentorII.last\mentor\MentorII.last2\MentorII\Win32\Release\taskgroup_taskview.obj
D:\folder(4)\MentorII.last\mentor\MentorII.last2\MentorII\Win32\Release\taskgroup_taskviewerhelper.obj
D:\folder(4)\MentorII.last\mentor\MentorII.last2\MentorII\Win32\Release\taskloader.obj
D:\folder(4)\MentorII.last\mentor\MentorII.last2\MentorII\Win32\Release\taskloaderhelper.obj
D:\folder(4)\MentorII.last\mentor\MentorII.last2\MentorII\Win32\Release\taskmtrtable.obj
D:\folder(4)\MentorII.last\mentor\MentorII.last2\MentorII\Win32\Release\taskmtrtabletoquiz.obj
D:\folder(4)\MentorII.last\mentor\MentorII.last2\MentorII\Win32\Release\taskmtrtable_taskcell.obj
D:\folder(4)\MentorII.last\mentor\MentorII.last2\MentorII\Win32\Release\taskmtrtable_taskloaderhelper.obj
D:\folder(4)\MentorII.last\mentor\MentorII.last2\MentorII\Win32\Release\taskmtrtable_taskview.obj
D:\folder(4)\MentorII.last\mentor\MentorII.last2\MentorII\Win32\Release\taskmtrtable_taskviewerhelper.obj
D:\folder(4)\MentorII.last\mentor\MentorII.last2\MentorII\Win32\Release\tasknode.obj
D:\folder(4)\MentorII.last\mentor\MentorII.last2\MentorII\Win32\Release\taskquestion.obj
D:\folder(4)\MentorII.last\mentor\MentorII.last2\MentorII\Win32\Release\taskquestiontoquiz.obj
D:\folder(4)\MentorII.last\mentor\MentorII.last2\MentorII\Win32\Release\taskquestion_taskcell.obj
D:\folder(4)\MentorII.last\mentor\MentorII.last2\MentorII\Win32\Release\taskquestion_taskloaderhelper.obj
D:\folder(4)\MentorII.last\mentor\MentorII.last2\MentorII\Win32\Release\taskquestion_taskview.obj
D:\folder(4)\MentorII.last\mentor\MentorII.last2\MentorII\Win32\Release\taskquestion_taskviewerhelper.obj
D:\folder(4)\MentorII.last\mentor\MentorII.last2\MentorII\Win32\Release\tasktoquizhelper.obj
D:\folder(4)\MentorII.last\mentor\MentorII.last2\MentorII\Win32\Release\tasktree.obj
D:\folder(4)\MentorII.last\mentor\MentorII.last2\MentorII\Win32\Release\taskview.obj
D:\folder(4)\MentorII.last\mentor\MentorII.last2\MentorII\Win32\Release\taskviewer.obj
D:\folder(4)\MentorII.last\mentor\MentorII.last2\MentorII\Win32\Release\taskviewerhelper.obj
D:\folder(4)\MentorII.last\mentor\MentorII.last2\MentorII\Win32\Release\txttobmp.obj
D:\folder(4)\MentorII.last\mentor\MentorII.last2\MentorII\Win32\Release\utils.obj
D:\folder(4)\MentorII.last\mentor\MentorII.last2\MentorII\Win32\Release\webrenderer.obj
D:\folder(4)\MentorII.last\mentor\MentorII.last2\MentorII\Win32\Release\xmlquizfile.obj
D:\folder(4)\MentorII.last\mentor\MentorII.last2\MentorII\Win32\Release\xmlquizfile_quizgroupfilter.obj
D:\folder(4)\MentorII.last\mentor\MentorII.last2\MentorII\Win32\Release\xmlquizfile_structure.obj
D:\folder(4)\MentorII.last\mentor\MentorII.last2\MentorII\Win32\Release\xmlquizfile_variants.obj
D:\folder(4)\MentorII.last\mentor\MentorII.last2\MentorII\Win32\Release\CL.2004.read.1.tlog
D:\folder(4)\MentorII.last\mentor\MentorII.last2\MentorII\Win32\Release\CL.2004.write.1.tlog
D:\folder(4)\MentorII.last\mentor\MentorII.last2\MentorII\Win32\Release\CL.2556.read.1.tlog
D:\folder(4)\MentorII.last\mentor\MentorII.last2\MentorII\Win32\Release\CL.2556.write.1.tlog
D:\folder(4)\MentorII.last\mentor\MentorII.last2\MentorII\Win32\Release\CL.2616.read.1.tlog
D:\folder(4)\MentorII.last\mentor\MentorII.last2\MentorII\Win32\Release\CL.2616.write.1.tlog
D:\folder(4)\MentorII.last\mentor\MentorII.last2\MentorII\Win32\Release\CL.2928.read.1.tlog
D:\folder(4)\MentorII.last\mentor\MentorII.last2\MentorII\Win32\Release\CL.2928.write.1.tlog
D:\folder(4)\MentorII.last\mentor\MentorII.last2\MentorII\Win32\Release\CL.4988.read.1.tlog
D:\folder(4)\MentorII.last\mentor\MentorII.last2\MentorII\Win32\Release\CL.4988.write.1.tlog
D:\folder(4)\MentorII.last\mentor\MentorII.last2\MentorII\Win32\Release\CL.5428.read.1.tlog
D:\folder(4)\MentorII.last\mentor\MentorII.last2\MentorII\Win32\Release\CL.5428.write.1.tlog
D:\folder(4)\MentorII.last\mentor\MentorII.last2\MentorII\Win32\Release\CL.5740.read.1.tlog
D:\folder(4)\MentorII.last\mentor\MentorII.last2\MentorII\Win32\Release\CL.5740.write.1.tlog
D:\folder(4)\MentorII.last\mentor\MentorII.last2\MentorII\Win32\Release\CL.6516.read.1.tlog
D:\folder(4)\MentorII.last\mentor\MentorII.last2\MentorII\Win32\Release\CL.6516.write.1.tlog
D:\folder(4)\MentorII.last\mentor\MentorII.last2\MentorII\Win32\Release\CL.6764.read.1.tlog
D:\folder(4)\MentorII.last\mentor\MentorII.last2\MentorII\Win32\Release\CL.6764.write.1.tlog
D:\folder(4)\MentorII.last\mentor\MentorII.last2\MentorII\Win32\Release\CL.7352.read.1.tlog
D:\folder(4)\MentorII.last\mentor\MentorII.last2\MentorII\Win32\Release\CL.7352.write.1.tlog
D:\folder(4)\MentorII.last\mentor\MentorII.last2\MentorII\Win32\Release\CL.744.read.1.tlog
D:\folder(4)\MentorII.last\mentor\MentorII.last2\MentorII\Win32\Release\CL.744.write.1.tlog
D:\folder(4)\MentorII.last\mentor\MentorII.last2\MentorII\Win32\Release\CL.7732.read.1.tlog
D:\folder(4)\MentorII.last\mentor\MentorII.last2\MentorII\Win32\Release\CL.7732.write.1.tlog
D:\folder(4)\MentorII.last\mentor\MentorII.last2\MentorII\Win32\Release\CL.7964.read.1.tlog
D:\folder(4)\MentorII.last\mentor\MentorII.last2\MentorII\Win32\Release\CL.7964.write.1.tlog
D:\folder(4)\MentorII.last\mentor\MentorII.last2\MentorII\Win32\Release\CL.8004.read.1.tlog
D:\folder(4)\MentorII.last\mentor\MentorII.last2\MentorII\Win32\Release\CL.8004.write.1.tlog
D:\folder(4)\MentorII.last\mentor\MentorII.last2\MentorII\Win32\Release\CL.8164.read.1.tlog
D:\folder(4)\MentorII.last\mentor\MentorII.last2\MentorII\Win32\Release\CL.8164.write.1.tlog
D:\folder(4)\MentorII.last\mentor\MentorII.last2\MentorII\Win32\Release\CL.8408.read.1.tlog
D:\folder(4)\MentorII.last\mentor\MentorII.last2\MentorII\Win32\Release\CL.8408.write.1.tlog
D:\folder(4)\MentorII.last\mentor\MentorII.last2\MentorII\Win32\Release\CL.8988.read.1.tlog
D:\folder(4)\MentorII.last\mentor\MentorII.last2\MentorII\Win32\Release\CL.8988.write.1.tlog
D:\folder(4)\MentorII.last\mentor\MentorII.last2\MentorII\Win32\Release\CL.9244.read.1.tlog
D:\folder(4)\MentorII.last\mentor\MentorII.last2\MentorII\Win32\Release\CL.9244.write.1.tlog
D:\folder(4)\MentorII.last\mentor\MentorII.last2\MentorII\Win32\Release\CL.9312.read.1.tlog
D:\folder(4)\MentorII.last\mentor\MentorII.last2\MentorII\Win32\Release\CL.9312.write.1.tlog
D:\folder(4)\MentorII.last\mentor\MentorII.last2\MentorII\Win32\Release\CL.9328.read.1.tlog
D:\folder(4)\MentorII.last\mentor\MentorII.last2\MentorII\Win32\Release\CL.9328.write.1.tlog
D:\folder(4)\MentorII.last\mentor\MentorII.last2\MentorII\Win32\Release\CL.944.read.1.tlog
D:\folder(4)\MentorII.last\mentor\MentorII.last2\MentorII\Win32\Release\CL.944.write.1.tlog
D:\folder(4)\MentorII.last\mentor\MentorII.last2\MentorII\Win32\Release\CL.9624.read.1.tlog
D:\folder(4)\MentorII.last\mentor\MentorII.last2\MentorII\Win32\Release\CL.9624.write.1.tlog
D:\folder(4)\MentorII.last\mentor\MentorII.last2\MentorII\Win32\Release\CL.9656.read.1.tlog
D:\folder(4)\MentorII.last\mentor\MentorII.last2\MentorII\Win32\Release\CL.9656.write.1.tlog
D:\folder(4)\MentorII.last\mentor\MentorII.last2\MentorII\Win32\Release\CL.9944.read.1.tlog
D:\folder(4)\MentorII.last\mentor\MentorII.last2\MentorII\Win32\Release\CL.9944.write.1.tlog
D:\folder(4)\MentorII.last\mentor\MentorII.last2\MentorII\Win32\Release\cl.command.1.tlog
D:\folder(4)\MentorII.last\mentor\MentorII.last2\MentorII\Win32\Release\CL.read.1.tlog
D:\folder(4)\MentorII.last\mentor\MentorII.last2\MentorII\Win32\Release\CL.write.1.tlog
D:\folder(4)\MentorII.last\mentor\MentorII.last2\MentorII\Win32\Release\custombuild.command.1.tlog
D:\folder(4)\MentorII.last\mentor\MentorII.last2\MentorII\Win32\Release\custombuild.read.1.tlog
D:\folder(4)\MentorII.last\mentor\MentorII.last2\MentorII\Win32\Release\custombuild.write.1.tlog
D:\folder(4)\MentorII.last\mentor\MentorII.last2\MentorII\Win32\Release\link-cvtres.read.1.tlog
D:\folder(4)\MentorII.last\mentor\MentorII.last2\MentorII\Win32\Release\link-cvtres.write.1.tlog
D:\folder(4)\MentorII.last\mentor\MentorII.last2\MentorII\Win32\Release\link-rc.read.1.tlog
D:\folder(4)\MentorII.last\mentor\MentorII.last2\MentorII\Win32\Release\link-rc.write.1.tlog
D:\folder(4)\MentorII.last\mentor\MentorII.last2\MentorII\Win32\Release\link.command.1.tlog
D:\folder(4)\MentorII.last\mentor\MentorII.last2\MentorII\Win32\Release\link.read.1.tlog
D:\folder(4)\MentorII.last\mentor\MentorII.last2\MentorII\Win32\Release\link.write.1.tlog
